
optiboot_attiny1634.elf:     file format elf32-avr

Sections:
Idx Name          Size      VMA       LMA       File off  Algn
  0 .data         00000000  00800100  00003fe0  000002f4  2**0
                  CONTENTS, ALLOC, LOAD, DATA
  1 .text         00000260  00003d80  00003d80  00000094  2**1
                  CONTENTS, ALLOC, LOAD, READONLY, CODE
  2 .version      00000002  00003ffe  00003ffe  000002f4  2**0
                  CONTENTS, ALLOC, LOAD, READONLY, DATA
  3 .comment      00000011  00000000  00000000  000002f6  2**0
                  CONTENTS, READONLY
  4 .debug_aranges 00000030  00000000  00000000  00000307  2**0
                  CONTENTS, READONLY, DEBUGGING
  5 .debug_info   00000628  00000000  00000000  00000337  2**0
                  CONTENTS, READONLY, DEBUGGING
  6 .debug_abbrev 000002a2  00000000  00000000  0000095f  2**0
                  CONTENTS, READONLY, DEBUGGING
  7 .debug_line   000003ce  00000000  00000000  00000c01  2**0
                  CONTENTS, READONLY, DEBUGGING
  8 .debug_frame  0000009c  00000000  00000000  00000fd0  2**2
                  CONTENTS, READONLY, DEBUGGING
  9 .debug_str    000001fc  00000000  00000000  0000106c  2**0
                  CONTENTS, READONLY, DEBUGGING
 10 .debug_loc    0000034d  00000000  00000000  00001268  2**0
                  CONTENTS, READONLY, DEBUGGING
 11 .debug_ranges 00000088  00000000  00000000  000015b5  2**0
                  CONTENTS, READONLY, DEBUGGING

Disassembly of section .text:

00003d80 <pre_main>:
/* everything that needs to run VERY early */
void pre_main(void) {
  // Allow convenient way of calling do_spm function - jump table,
  //   so entry to this function will always be here, independent of compilation,
  //   features etc
  asm volatile (
    3d80:	01 c0       	rjmp	.+2      	; 0x3d84 <main>
    3d82:	25 c1       	rjmp	.+586    	; 0x3fce <do_spm>

00003d84 <main>:
  //  SP points to RAMEND
  //  r1 contains zero
  //
  // If not, uncomment the following instructions:
  // cli();
  asm volatile ("clr __zero_reg__");
    3d84:	11 24       	eor	r1, r1
   *
   * Code by MarkG55
   * see discussion in https://github.com/Optiboot/optiboot/issues/97
   */

  ch = MCUSTATUSREG;
    3d86:	85 b7       	in	r24, 0x35	; 53

  // Skip all logic and run bootloader if MCUSR is cleared (application request)
  if (ch != 0) {
    3d88:	88 23       	and	r24, r24
    3d8a:	71 f0       	breq	.+28     	; 0x3da8 <main+0x24>
     * an external reset - only useful in combination with above,
     * for some unusual use cases.
     *
     */
#if (!(defined(START_APP_ON_EXTR)||defined(NO_START_APP_ON_POR))) //normal behavior
    if ((ch & (_BV(WDRF) | _BV(EXTRF))) != _BV(EXTRF)) {                      // Run app if EXTRF not set, or WDRF and EXTRF set
    3d8c:	98 2f       	mov	r25, r24
    3d8e:	9a 70       	andi	r25, 0x0A	; 10
    3d90:	92 30       	cpi	r25, 0x02	; 2
    3d92:	51 f0       	breq	.+20     	; 0x3da8 <main+0x24>
      if (ch & _BV(EXTRF)) {                                                  // Both WDRF and EXTRF are set
    3d94:	81 ff       	sbrs	r24, 1
    3d96:	02 c0       	rjmp	.+4      	; 0x3d9c <main+0x18>
         * It's also needed to avoid loop by broken application which could
         * prevent entering bootloader.
         * '&' operation is skipped to spare few bytes as bits in MCUSR
         * can only be cleared.
         */
        MCUSTATUSREG = ~(_BV(WDRF));
    3d98:	97 ef       	ldi	r25, 0xF7	; 247
    3d9a:	95 bf       	out	0x35, r25	; 53
      /*
       * save the reset flags in the designated register
       * This can be saved in a main program by putting code in .init0 (which
       * executes before normal c init code) to save R2 to a global variable.
       */
      __asm__ __volatile__ ("mov r2, %0\n" :: "r" (ch));
    3d9c:	28 2e       	mov	r2, r24

      // switch off watchdog
      watchdogConfig(WATCHDOG_OFF);
    3d9e:	80 e0       	ldi	r24, 0x00	; 0
    3da0:	03 d1       	rcall	.+518    	; 0x3fa8 <watchdogConfig>
      // Note that appstart_vec is defined so that this works with either
      // real or virtual boot partitions.
       __asm__ __volatile__ (
    3da2:	e4 e3       	ldi	r30, 0x34	; 52
    3da4:	ff 27       	eor	r31, r31
    3da6:	09 94       	ijmp
#elif defined(__AVR_ATtiny25__)||defined(__AVR_ATtiny45__)||defined(__AVR_ATtiny85__)
  TCCR1 = 0x0E; //div 8196 - it's an 8-bit timer.
#elif defined(__AVR_ATtiny43__)
  #error "LED flash for Tiny43 not yet supported"
#else
  TCCR1B = _BV(CS12) | _BV(CS10); // div 1024
    3da8:	85 e0       	ldi	r24, 0x05	; 5
    3daa:	80 93 71 00 	sts	0x0071, r24	; 0x800071 <__EEPROM_REGION_LENGTH__+0x7f0071>
  LINBTR = (1 << LDISR) | (8 << LBT0);
  LINCR = _BV(LENA) | _BV(LCMD2) | _BV(LCMD1) | _BV(LCMD0);
  LINDAT=0;
    #else
      #ifndef SINGLESPEED
  UART_SRA = _BV(U2X0); //Double speed mode USART0
    3dae:	82 e0       	ldi	r24, 0x02	; 2
    3db0:	80 93 79 00 	sts	0x0079, r24	; 0x800079 <__EEPROM_REGION_LENGTH__+0x7f0079>
      #endif
  UART_SRB = _BV(RXEN0) | _BV(TXEN0);
    3db4:	88 e1       	ldi	r24, 0x18	; 24
    3db6:	80 93 78 00 	sts	0x0078, r24	; 0x800078 <__EEPROM_REGION_LENGTH__+0x7f0078>
  UART_SRC = _BV(UCSZ00) | _BV(UCSZ01);
    3dba:	86 e0       	ldi	r24, 0x06	; 6
    3dbc:	80 93 77 00 	sts	0x0077, r24	; 0x800077 <__EEPROM_REGION_LENGTH__+0x7f0077>
  UART_SRL = (uint8_t)BAUD_SETTING;
    3dc0:	80 e1       	ldi	r24, 0x10	; 16
    3dc2:	80 93 74 00 	sts	0x0074, r24	; 0x800074 <__EEPROM_REGION_LENGTH__+0x7f0074>
  RS485_PORT &= ~_BV(RS485);
  #endif
#endif

  // Set up watchdog to trigger after 1s
  watchdogConfig(WDTPERIOD);
    3dc6:	8e e0       	ldi	r24, 0x0E	; 14
    3dc8:	ef d0       	rcall	.+478    	; 0x3fa8 <watchdogConfig>

#if (LED_START_FLASHES > 0) || defined(LED_DATA_FLASH) || defined(LED_START_ON)
  /* Set LED pin as output */
  LED_DDR |= _BV(LED);
    3dca:	40 9a       	sbi	0x08, 0	; 8
  putch(STK_INSYNC);
}

#if LED_START_FLASHES > 0
void flash_led(uint8_t count) {
    LED_PIN |= _BV(LED);
    3dcc:	38 9a       	sbi	0x07, 0	; 7
    3dce:	86 e0       	ldi	r24, 0x06	; 6
        TIFR = _BV(TOV1);
        while(!(TIFR & _BV(TOV1)));
    #elif defined(__AVR_ATtiny43__)
        #error "LED flash for Tiny43 not yet supported"
    #else
        TCNT1 = -(F_CPU/(1024*16));
    3dd0:	20 e3       	ldi	r18, 0x30	; 48
    3dd2:	3c ef       	ldi	r19, 0xFC	; 252
        TIFR1 = _BV(TOV1);
    3dd4:	90 e8       	ldi	r25, 0x80	; 128
        TIFR = _BV(TOV1);
        while(!(TIFR & _BV(TOV1)));
    #elif defined(__AVR_ATtiny43__)
        #error "LED flash for Tiny43 not yet supported"
    #else
        TCNT1 = -(F_CPU/(1024*16));
    3dd6:	30 93 6f 00 	sts	0x006F, r19	; 0x80006f <__EEPROM_REGION_LENGTH__+0x7f006f>
    3dda:	20 93 6e 00 	sts	0x006E, r18	; 0x80006e <__EEPROM_REGION_LENGTH__+0x7f006e>
        TIFR1 = _BV(TOV1);
    3dde:	99 bf       	out	0x39, r25	; 57
        while(!(TIFR1 & _BV(TOV1)));
    3de0:	09 b6       	in	r0, 0x39	; 57
    3de2:	07 fe       	sbrs	r0, 7
    3de4:	fd cf       	rjmp	.-6      	; 0x3de0 <main+0x5c>
    defined(__AVR_ATmega8535__) || defined(__AVR_ATmega16__)   ||    \
    defined(__AVR_ATmega162__)  || defined(__AVR_ATmega32__)   ||    \
    defined(__AVR_ATmega64__)   || defined(__AVR_ATmega128__)
    LED_PORT ^= _BV(LED);
#else
    LED_PIN |= _BV(LED);
    3de6:	38 9a       	sbi	0x07, 0	; 7
}
#endif

// Watchdog functions. These are only safe with interrupts turned off.
void watchdogReset() {
  __asm__ __volatile__ (
    3de8:	a8 95       	wdr
     *  by the UART hardware, avrdude sends several attempts in rather
     *  quick succession, some of which will be lost and cause us to
     *  get out of sync.  So if we see any data; stop blinking.
     */
#ifndef LIN_UART
    if (UART_SRA & _BV(RXC0))
    3dea:	40 91 79 00 	lds	r20, 0x0079	; 0x800079 <__EEPROM_REGION_LENGTH__+0x7f0079>
    3dee:	47 fd       	sbrc	r20, 7
    3df0:	02 c0       	rjmp	.+4      	; 0x3df6 <main+0x72>
    3df2:	81 50       	subi	r24, 0x01	; 1
#else
// This doesn't seem to work?
//    if ((UART_PIN & (1<<UART_RX_BIT)) == 0)
//    break;  // detect start bit on soft uart too.
#endif
  } while (--count);
    3df4:	81 f7       	brne	.-32     	; 0x3dd6 <main+0x52>


        // Add jump to bootloader at RESET vector
        // WARNING: this works as long as 'main' is in first section
        buff.bptr[rstVect0] = ((uint16_t)main) & 0xFF;
        buff.bptr[rstVect1] = ((uint16_t)main) >> 8;
    3df6:	82 ec       	ldi	r24, 0xC2	; 194
    3df8:	9e e1       	ldi	r25, 0x1E	; 30
    3dfa:	d9 2e       	mov	r13, r25

        /*
         * Copy data from the buffer into the flash write buffer.
         */
        do {
        __boot_page_fill_short((uint16_t)(void*)addrPtr, *(mybuff.wptr++));
    3dfc:	cc 24       	eor	r12, r12
    3dfe:	c3 94       	inc	r12
        } while (len -= 2);

        /*
         * Actually Write the buffer to flash (and wait for it to finish.)
         */
        __boot_page_write_short(address.word);
    3e00:	25 e0       	ldi	r18, 0x05	; 5
    3e02:	92 2e       	mov	r9, r18
         * and we needed the space back.
         */
#ifdef FOURPAGEERASE
        if ((address.bytes[0] & ((SPM_PAGESIZE<<2)-1))==0) {
#endif
        __boot_page_erase_short(address.word);
    3e04:	33 e0       	ldi	r19, 0x03	; 3
    rstVect1_sav = buff.bptr[rstVect1];


        // Add jump to bootloader at RESET vector
        // WARNING: this works as long as 'main' is in first section
        buff.bptr[rstVect0] = ((uint16_t)main) & 0xFF;
    3e06:	83 2e       	mov	r8, r19
#endif

  /* Forever loop: exits by causing WDT reset */
  for (;;) {
    /* get character from UART */
    ch = getch();
    3e08:	7c 01       	movw	r14, r24

    if(ch == STK_GET_PARAMETER) {
    3e0a:	c2 d0       	rcall	.+388    	; 0x3f90 <getch>
      unsigned char which = getch();
    3e0c:	81 34       	cpi	r24, 0x41	; 65
    3e0e:	79 f4       	brne	.+30     	; 0x3e2e <main+0xaa>
    3e10:	bf d0       	rcall	.+382    	; 0x3f90 <getch>
      verifySpace();
    3e12:	18 2f       	mov	r17, r24
    3e14:	cd d0       	rcall	.+410    	; 0x3fb0 <verifySpace>
      /*
       * Send optiboot version as "SW version"
       * Note that the references to memory are optimized away.
       */
      if (which == STK_SW_MINOR) {
    3e16:	12 38       	cpi	r17, 0x82	; 130
    3e18:	11 f4       	brne	.+4      	; 0x3e1e <main+0x9a>
        putch(0x00);
      }
#else
      // UNIVERSAL command is ignored
      getNch(4);
      putch(0x00);
    3e1a:	80 e0       	ldi	r24, 0x00	; 0
       * Note that the references to memory are optimized away.
       */
      if (which == STK_SW_MINOR) {
      putch(optiboot_version & 0xFF);
      } else if (which == STK_SW_MAJOR) {
      putch(optiboot_version >> 8);
    3e1c:	04 c0       	rjmp	.+8      	; 0x3e26 <main+0xa2>
       * Send optiboot version as "SW version"
       * Note that the references to memory are optimized away.
       */
      if (which == STK_SW_MINOR) {
      putch(optiboot_version & 0xFF);
      } else if (which == STK_SW_MAJOR) {
    3e1e:	8a e3       	ldi	r24, 0x3A	; 58
      } else {
    /*
     * GET PARAMETER returns a generic 0x03 reply for
         * other parameters - enough to keep Avrdude happy
     */
    putch(0x03);
    3e20:	11 38       	cpi	r17, 0x81	; 129
    3e22:	09 f0       	breq	.+2      	; 0x3e26 <main+0xa2>
    3e24:	83 e0       	ldi	r24, 0x03	; 3
    }
    else {
      // This covers the response to commands like STK_ENTER_PROGMODE
      verifySpace();
    }
    putch(STK_OK);
    3e26:	ad d0       	rcall	.+346    	; 0x3f82 <putch>
    3e28:	80 e1       	ldi	r24, 0x10	; 16
#endif

  /* Forever loop: exits by causing WDT reset */
  for (;;) {
    /* get character from UART */
    ch = getch();
    3e2a:	ab d0       	rcall	.+342    	; 0x3f82 <putch>
         * other parameters - enough to keep Avrdude happy
     */
    putch(0x03);
      }
    }
    else if(ch == STK_SET_DEVICE) {
    3e2c:	ee cf       	rjmp	.-36     	; 0x3e0a <main+0x86>
    3e2e:	82 34       	cpi	r24, 0x42	; 66
      // SET DEVICE is ignored
      getNch(20);
    3e30:	19 f4       	brne	.+6      	; 0x3e38 <main+0xb4>
    }
    else if(ch == STK_SET_DEVICE_EXT) {
      // SET DEVICE EXT is ignored
      getNch(5);
    3e32:	84 e1       	ldi	r24, 0x14	; 20
    3e34:	c5 d0       	rcall	.+394    	; 0x3fc0 <getNch>
    }
    else if(ch == STK_SET_DEVICE) {
      // SET DEVICE is ignored
      getNch(20);
    }
    else if(ch == STK_SET_DEVICE_EXT) {
    3e36:	f8 cf       	rjmp	.-16     	; 0x3e28 <main+0xa4>
      // SET DEVICE EXT is ignored
      getNch(5);
    3e38:	85 34       	cpi	r24, 0x45	; 69
    3e3a:	11 f4       	brne	.+4      	; 0x3e40 <main+0xbc>
    }
    else if(ch == STK_LOAD_ADDRESS) {
    3e3c:	85 e0       	ldi	r24, 0x05	; 5
      // LOAD ADDRESS
      address.bytes[0] = getch();
    3e3e:	fa cf       	rjmp	.-12     	; 0x3e34 <main+0xb0>
    3e40:	85 35       	cpi	r24, 0x55	; 85
    3e42:	41 f4       	brne	.+16     	; 0x3e54 <main+0xd0>
      address.bytes[1] = getch();
    3e44:	a5 d0       	rcall	.+330    	; 0x3f90 <getch>
    3e46:	c8 2f       	mov	r28, r24
      }
      else {
        RAMPZ &= 0xFE;
      }
#endif
      address.word *= 2; // Convert from word address to byte address
    3e48:	a3 d0       	rcall	.+326    	; 0x3f90 <getch>
    3e4a:	d8 2f       	mov	r29, r24
      watchdogConfig(WATCHDOG_16MS);
      verifySpace();
    }
    else {
      // This covers the response to commands like STK_ENTER_PROGMODE
      verifySpace();
    3e4c:	cc 0f       	add	r28, r28
      }
#endif
      address.word *= 2; // Convert from word address to byte address
      verifySpace();
    }
    else if(ch == STK_UNIVERSAL) {
    3e4e:	dd 1f       	adc	r29, r29
        getNch(3);
        putch(0x00);
      }
#else
      // UNIVERSAL command is ignored
      getNch(4);
    3e50:	af d0       	rcall	.+350    	; 0x3fb0 <verifySpace>
    3e52:	ea cf       	rjmp	.-44     	; 0x3e28 <main+0xa4>
    3e54:	86 35       	cpi	r24, 0x56	; 86
    3e56:	19 f4       	brne	.+6      	; 0x3e5e <main+0xda>
      putch(0x00);
#endif
    }
    /* Write memory, length is big endian and is in bytes */
    else if(ch == STK_PROG_PAGE) {
    3e58:	84 e0       	ldi	r24, 0x04	; 4
    3e5a:	b2 d0       	rcall	.+356    	; 0x3fc0 <getNch>
      // PROGRAM PAGE - we support flash programming only, not EEPROM
      uint8_t desttype;
      uint8_t *bufPtr;
      pagelen_t savelength;

      GETLENGTH(length);
    3e5c:	de cf       	rjmp	.-68     	; 0x3e1a <main+0x96>
    3e5e:	84 36       	cpi	r24, 0x64	; 100
    3e60:	09 f0       	breq	.+2      	; 0x3e64 <main+0xe0>
    3e62:	57 c0       	rjmp	.+174    	; 0x3f12 <main+0x18e>
    3e64:	95 d0       	rcall	.+298    	; 0x3f90 <getch>
      savelength = length;
      desttype = getch();
    3e66:	94 d0       	rcall	.+296    	; 0x3f90 <getch>
    3e68:	78 2e       	mov	r7, r24

      // read a page worth of contents
      bufPtr = buff.bptr;
    3e6a:	92 d0       	rcall	.+292    	; 0x3f90 <getch>
    3e6c:	68 2e       	mov	r6, r24
      do *bufPtr++ = getch();
    3e6e:	00 e0       	ldi	r16, 0x00	; 0
    3e70:	11 e0       	ldi	r17, 0x01	; 1
    3e72:	58 01       	movw	r10, r16
    3e74:	8f ef       	ldi	r24, 0xFF	; 255
    3e76:	a8 1a       	sub	r10, r24
    3e78:	b8 0a       	sbc	r11, r24
    3e7a:	8a d0       	rcall	.+276    	; 0x3f90 <getch>
    3e7c:	f8 01       	movw	r30, r16
    3e7e:	80 83       	st	Z, r24
      while (--length);
    3e80:	85 01       	movw	r16, r10
    3e82:	7a 10       	cpse	r7, r10

      // Read command terminator, start reply
      verifySpace();
    3e84:	f6 cf       	rjmp	.-20     	; 0x3e72 <main+0xee>
    3e86:	94 d0       	rcall	.+296    	; 0x3fb0 <verifySpace>
 * WARNING: this works only up to 128KB flash!
 */
#if FLASHEND > (128*1024)
#error "Can't use VIRTUAL_BOOT_PARTITION with more than 128k of Flash"
#endif
      if (address.word == 0) {
    3e88:	20 97       	sbiw	r28, 0x00	; 0
    3e8a:	81 f4       	brne	.+32     	; 0x3eac <main+0x128>
    // This is the reset vector page. We need to live-patch the
    // code so the bootloader runs first.
    //
    // Save jmp targets (for "Verify")
    rstVect0_sav = buff.bptr[rstVect0];
    3e8c:	80 91 02 01 	lds	r24, 0x0102	; 0x800102 <_edata+0x2>
    3e90:	80 93 44 01 	sts	0x0144, r24	; 0x800144 <_edata+0x44>
    rstVect1_sav = buff.bptr[rstVect1];
    3e94:	80 91 03 01 	lds	r24, 0x0103	; 0x800103 <_edata+0x3>
    3e98:	80 93 45 01 	sts	0x0145, r24	; 0x800145 <_edata+0x45>


        // Add jump to bootloader at RESET vector
        // WARNING: this works as long as 'main' is in first section
        buff.bptr[rstVect0] = ((uint16_t)main) & 0xFF;
    3e9c:	e0 92 02 01 	sts	0x0102, r14	; 0x800102 <_edata+0x2>
        buff.bptr[rstVect1] = ((uint16_t)main) >> 8;
    3ea0:	d0 92 03 01 	sts	0x0103, r13	; 0x800103 <_edata+0x3>
 * void writebuffer(memtype, buffer, address, length)
 */
static inline void writebuffer(int8_t memtype, addr16_t mybuff,
                   addr16_t address, pagelen_t len)
{
    switch (memtype) {
    3ea4:	f5 e4       	ldi	r31, 0x45	; 69
    3ea6:	6f 12       	cpse	r6, r31
    3ea8:	15 c0       	rjmp	.+42     	; 0x3ed4 <main+0x150>
    3eaa:	ff cf       	rjmp	.-2      	; 0x3eaa <main+0x126>
        // Add jump to bootloader at RESET vector
        // WARNING: this works as long as 'main' is in first section
        buff.bptr[rstVect0] = ((uint16_t)main) & 0xFF;
        buff.bptr[rstVect1] = ((uint16_t)main) >> 8;
#if (save_vect_num>SPM_PAGESIZE/4)
    } else if (address.word == (SPM_PAGESIZE*(save_vect_num/(SPM_PAGESIZE/4)))) { //allow for any vector
    3eac:	c0 36       	cpi	r28, 0x60	; 96
    3eae:	d1 05       	cpc	r29, r1
    3eb0:	c9 f7       	brne	.-14     	; 0x3ea4 <main+0x120>
        saveVect0_sav = buff.bptr[saveVect0-(SPM_PAGESIZE*(save_vect_num/(SPM_PAGESIZE/4)))];
    3eb2:	80 91 0a 01 	lds	r24, 0x010A	; 0x80010a <_edata+0xa>
    3eb6:	80 93 46 01 	sts	0x0146, r24	; 0x800146 <_edata+0x46>
        saveVect1_sav = buff.bptr[saveVect1-(SPM_PAGESIZE*(save_vect_num/(SPM_PAGESIZE/4)))];
    3eba:	80 91 0b 01 	lds	r24, 0x010B	; 0x80010b <_edata+0xb>
    3ebe:	80 93 47 01 	sts	0x0147, r24	; 0x800147 <_edata+0x47>

        // Move RESET jmp target to 'save' vector
        buff.bptr[saveVect0-(SPM_PAGESIZE*(save_vect_num/(SPM_PAGESIZE/4)))] = rstVect0_sav;
    3ec2:	80 91 44 01 	lds	r24, 0x0144	; 0x800144 <_edata+0x44>
    3ec6:	80 93 0a 01 	sts	0x010A, r24	; 0x80010a <_edata+0xa>
        buff.bptr[saveVect1-(SPM_PAGESIZE*(save_vect_num/(SPM_PAGESIZE/4)))] = rstVect1_sav;
    3eca:	80 91 45 01 	lds	r24, 0x0145	; 0x800145 <_edata+0x45>
    3ece:	80 93 0b 01 	sts	0x010B, r24	; 0x80010b <_edata+0xb>
    3ed2:	e8 cf       	rjmp	.-48     	; 0x3ea4 <main+0x120>
         * used to be code to do this while receiving the data over
         * the serial link, but the performance improvement was slight,
         * and we needed the space back.
         */
#ifdef FOURPAGEERASE
        if ((address.bytes[0] & ((SPM_PAGESIZE<<2)-1))==0) {
    3ed4:	8c 2f       	mov	r24, r28
    3ed6:	8f 77       	andi	r24, 0x7F	; 127
#endif
        __boot_page_erase_short(address.word);
    3ed8:	fe 01       	movw	r30, r28
         * used to be code to do this while receiving the data over
         * the serial link, but the performance improvement was slight,
         * and we needed the space back.
         */
#ifdef FOURPAGEERASE
        if ((address.bytes[0] & ((SPM_PAGESIZE<<2)-1))==0) {
    3eda:	31 f4       	brne	.+12     	; 0x3ee8 <main+0x164>
#endif
        __boot_page_erase_short(address.word);
    3edc:	87 be       	out	0x37, r8	; 55
    3ede:	e8 95       	spm
        boot_spm_busy_wait();
    3ee0:	07 b6       	in	r0, 0x37	; 55
    3ee2:	00 fc       	sbrc	r0, 0
    3ee4:	fd cf       	rjmp	.-6      	; 0x3ee0 <main+0x15c>
    3ee6:	fe 01       	movw	r30, r28
         * used to be code to do this while receiving the data over
         * the serial link, but the performance improvement was slight,
         * and we needed the space back.
         */
#ifdef FOURPAGEERASE
        if ((address.bytes[0] & ((SPM_PAGESIZE<<2)-1))==0) {
    3ee8:	a0 e0       	ldi	r26, 0x00	; 0
    3eea:	b1 e0       	ldi	r27, 0x01	; 1

        /*
         * Copy data from the buffer into the flash write buffer.
         */
        do {
        __boot_page_fill_short((uint16_t)(void*)addrPtr, *(mybuff.wptr++));
    3eec:	cd 01       	movw	r24, r26
    3eee:	02 96       	adiw	r24, 0x02	; 2
    3ef0:	2d 91       	ld	r18, X+
    3ef2:	3c 91       	ld	r19, X
    3ef4:	09 01       	movw	r0, r18
    3ef6:	c7 be       	out	0x37, r12	; 55
    3ef8:	e8 95       	spm
        addrPtr += 2;
        } while (len -= 2);
    3efa:	11 24       	eor	r1, r1
    3efc:	32 96       	adiw	r30, 0x02	; 2

        /*
         * Actually Write the buffer to flash (and wait for it to finish.)
         */
        __boot_page_write_short(address.word);
    3efe:	dc 01       	movw	r26, r24
    3f00:	78 12       	cpse	r7, r24
    3f02:	f4 cf       	rjmp	.-24     	; 0x3eec <main+0x168>
        boot_spm_busy_wait();
    3f04:	fe 01       	movw	r30, r28
    3f06:	97 be       	out	0x37, r9	; 55
    3f08:	e8 95       	spm
      writebuffer(desttype, buff, address, savelength);


    }
    /* Read memory block mode, length is big endian.  */
    else if(ch == STK_READ_PAGE) {
    3f0a:	07 b6       	in	r0, 0x37	; 55
    3f0c:	00 fc       	sbrc	r0, 0
      uint8_t desttype;
      GETLENGTH(length);
    3f0e:	fd cf       	rjmp	.-6      	; 0x3f0a <main+0x186>
    3f10:	8b cf       	rjmp	.-234    	; 0x3e28 <main+0xa4>
    3f12:	84 37       	cpi	r24, 0x74	; 116
    3f14:	39 f5       	brne	.+78     	; 0x3f64 <main+0x1e0>
    3f16:	3c d0       	rcall	.+120    	; 0x3f90 <getch>

      desttype = getch();
    3f18:	3b d0       	rcall	.+118    	; 0x3f90 <getch>
    3f1a:	b8 2e       	mov	r11, r24

      verifySpace();
    3f1c:	39 d0       	rcall	.+114    	; 0x3f90 <getch>
    3f1e:	48 d0       	rcall	.+144    	; 0x3fb0 <verifySpace>
    3f20:	8e 01       	movw	r16, r28
#endif
    default:
    do {
#ifdef VIRTUAL_BOOT_PARTITION
        // Undo vector patch in bottom page so verify passes
        if (address.word == rstVect0) ch = rstVect0_sav;
    3f22:	02 30       	cpi	r16, 0x02	; 2
    3f24:	11 05       	cpc	r17, r1
    3f26:	49 f4       	brne	.+18     	; 0x3f3a <main+0x1b6>
    3f28:	80 91 44 01 	lds	r24, 0x0144	; 0x800144 <_edata+0x44>
        __asm__ ("elpm %0,Z+\n" : "=r" (ch), "=z" (address.bptr): "1" (address));
#else
        // read a Flash byte and increment the address
        __asm__ ("lpm %0,Z+\n" : "=r" (ch), "=z" (address.bptr): "1" (address));
#endif
        putch(ch);
    3f2c:	2a d0       	rcall	.+84     	; 0x3f82 <putch>
    3f2e:	ba 94       	dec	r11
    } while (--length);
    3f30:	0f 5f       	subi	r16, 0xFF	; 255
    3f32:	1f 4f       	sbci	r17, 0xFF	; 255
    3f34:	b1 10       	cpse	r11, r1
    3f36:	f5 cf       	rjmp	.-22     	; 0x3f22 <main+0x19e>
    3f38:	77 cf       	rjmp	.-274    	; 0x3e28 <main+0xa4>
    3f3a:	03 30       	cpi	r16, 0x03	; 3
    default:
    do {
#ifdef VIRTUAL_BOOT_PARTITION
        // Undo vector patch in bottom page so verify passes
        if (address.word == rstVect0) ch = rstVect0_sav;
        else if (address.word == rstVect1) ch = rstVect1_sav;
    3f3c:	11 05       	cpc	r17, r1
    3f3e:	19 f4       	brne	.+6      	; 0x3f46 <main+0x1c2>
    3f40:	80 91 45 01 	lds	r24, 0x0145	; 0x800145 <_edata+0x45>
        else if (address.word == saveVect0) ch = saveVect0_sav;
    3f44:	f3 cf       	rjmp	.-26     	; 0x3f2c <main+0x1a8>
    3f46:	0a 36       	cpi	r16, 0x6A	; 106
    3f48:	11 05       	cpc	r17, r1
    3f4a:	19 f4       	brne	.+6      	; 0x3f52 <main+0x1ce>
    3f4c:	80 91 46 01 	lds	r24, 0x0146	; 0x800146 <_edata+0x46>
        else if (address.word == saveVect1) ch = saveVect1_sav;
    3f50:	ed cf       	rjmp	.-38     	; 0x3f2c <main+0x1a8>
    3f52:	0b 36       	cpi	r16, 0x6B	; 107
    3f54:	11 05       	cpc	r17, r1
    3f56:	19 f4       	brne	.+6      	; 0x3f5e <main+0x1da>
    3f58:	80 91 47 01 	lds	r24, 0x0147	; 0x800147 <_edata+0x47>
        else ch = pgm_read_byte_near(address.bptr);
    3f5c:	e7 cf       	rjmp	.-50     	; 0x3f2c <main+0x1a8>
    3f5e:	f8 01       	movw	r30, r16

      read_mem(desttype, address, length);
    }

    /* Get device signature bytes  */
    else if(ch == STK_READ_SIGN) {
    3f60:	84 91       	lpm	r24, Z
    3f62:	e4 cf       	rjmp	.-56     	; 0x3f2c <main+0x1a8>
      // READ SIGN - return what Avrdude wants to hear
      verifySpace();
    3f64:	85 37       	cpi	r24, 0x75	; 117
    3f66:	39 f4       	brne	.+14     	; 0x3f76 <main+0x1f2>
      putch(SIGNATURE_0);
    3f68:	23 d0       	rcall	.+70     	; 0x3fb0 <verifySpace>
    3f6a:	8e e1       	ldi	r24, 0x1E	; 30
    3f6c:	0a d0       	rcall	.+20     	; 0x3f82 <putch>
      putch(SIGNATURE_1);
    3f6e:	84 e9       	ldi	r24, 0x94	; 148
    3f70:	08 d0       	rcall	.+16     	; 0x3f82 <putch>
    3f72:	82 e1       	ldi	r24, 0x12	; 18
      putch(SIGNATURE_2);
    3f74:	58 cf       	rjmp	.-336    	; 0x3e26 <main+0xa2>
    3f76:	81 35       	cpi	r24, 0x51	; 81
    }
    else if (ch == STK_LEAVE_PROGMODE) { /* 'Q' */
    3f78:	09 f0       	breq	.+2      	; 0x3f7c <main+0x1f8>
    3f7a:	6a cf       	rjmp	.-300    	; 0x3e50 <main+0xcc>
    3f7c:	88 e0       	ldi	r24, 0x08	; 8
      // Adaboot no-wait mod
      watchdogConfig(WATCHDOG_16MS);
    3f7e:	14 d0       	rcall	.+40     	; 0x3fa8 <watchdogConfig>
    3f80:	67 cf       	rjmp	.-306    	; 0x3e50 <main+0xcc>

00003f82 <putch>:
    3f82:	90 91 79 00 	lds	r25, 0x0079	; 0x800079 <__EEPROM_REGION_LENGTH__+0x7f0079>
      RS485_PORT |= _BV(RS485);
      #else
      RS485_PORT &= ~_BV(RS485);
      #endif
    #else //not RS485
      while (!(UART_SRA & _BV(UDRE0))) {  /* Spin */ }
    3f86:	95 ff       	sbrs	r25, 5
    3f88:	fc cf       	rjmp	.-8      	; 0x3f82 <putch>
        UART_UDR = ch;
    3f8a:	80 93 73 00 	sts	0x0073, r24	; 0x800073 <__EEPROM_REGION_LENGTH__+0x7f0073>
  #else
  RS485_PORT &= ~_BV(RS485);
  #endif
#endif
#endif
}
    3f8e:	08 95       	ret

00003f90 <getch>:
    :
      "r25"
);
#else
#ifndef LIN_UART
  while(!(UART_SRA & _BV(RXC0)))  {  /* Spin */ }
    3f90:	80 91 79 00 	lds	r24, 0x0079	; 0x800079 <__EEPROM_REGION_LENGTH__+0x7f0079>
    3f94:	87 ff       	sbrs	r24, 7
    3f96:	fc cf       	rjmp	.-8      	; 0x3f90 <getch>
  if (!(UART_SRA & _BV(FE0))) {
    3f98:	80 91 79 00 	lds	r24, 0x0079	; 0x800079 <__EEPROM_REGION_LENGTH__+0x7f0079>
    3f9c:	84 fd       	sbrc	r24, 4
    3f9e:	01 c0       	rjmp	.+2      	; 0x3fa2 <getch+0x12>
}
#endif

// Watchdog functions. These are only safe with interrupts turned off.
void watchdogReset() {
  __asm__ __volatile__ (
    3fa0:	a8 95       	wdr
       * don't care that an invalid char is returned...)
       */
    watchdogReset();
  }

  ch = UART_UDR;
    3fa2:	80 91 73 00 	lds	r24, 0x0073	; 0x800073 <__EEPROM_REGION_LENGTH__+0x7f0073>
  LED_PIN |= _BV(LED);
#endif
#endif

  return ch;
}
    3fa6:	08 95       	ret

00003fa8 <watchdogConfig>:
  WDTCSR = _BV(WDCE) | _BV(WDE);
 #else
  WDTCR= _BV(WDCE) | _BV(WDE);
 #endif
#else //then it must be one of those newfangled ones that use CCP
  CCP=0xD8; //so write this magic number to CCP
    3fa8:	98 ed       	ldi	r25, 0xD8	; 216
    3faa:	9f bd       	out	0x2f, r25	; 47
#endif

#ifdef WDTCSR
  WDTCSR = x;
    3fac:	80 bf       	out	0x30, r24	; 48
#else
  WDTCR= x;
#endif
}
    3fae:	08 95       	ret

00003fb0 <verifySpace>:
  do getch(); while (--count);
  verifySpace();
}

void verifySpace() {
  if (getch() != CRC_EOP) {
    3fb0:	ef df       	rcall	.-34     	; 0x3f90 <getch>
    3fb2:	80 32       	cpi	r24, 0x20	; 32
    3fb4:	19 f0       	breq	.+6      	; 0x3fbc <verifySpace+0xc>
    watchdogConfig(WATCHDOG_16MS);    // shorten WD timeout
    3fb6:	88 e0       	ldi	r24, 0x08	; 8
    3fb8:	f7 df       	rcall	.-18     	; 0x3fa8 <watchdogConfig>
    3fba:	ff cf       	rjmp	.-2      	; 0x3fba <verifySpace+0xa>
    while (1)                  // and busy-loop so that WD causes
      ;                      //  a reset and app start.
  }
  putch(STK_INSYNC);
    3fbc:	84 e1       	ldi	r24, 0x14	; 20
    3fbe:	e1 cf       	rjmp	.-62     	; 0x3f82 <putch>

00003fc0 <getNch>:
    ::[count] "M" (UART_B_VALUE)
  );
}
#endif

void getNch(uint8_t count) {
    3fc0:	cf 93       	push	r28
    3fc2:	c8 2f       	mov	r28, r24
  do getch(); while (--count);
    3fc4:	e5 df       	rcall	.-54     	; 0x3f90 <getch>
    3fc6:	c1 50       	subi	r28, 0x01	; 1
    3fc8:	e9 f7       	brne	.-6      	; 0x3fc4 <getNch+0x4>
  verifySpace();
}
    3fca:	cf 91       	pop	r28
}
#endif

void getNch(uint8_t count) {
  do getch(); while (--count);
  verifySpace();
    3fcc:	f1 cf       	rjmp	.-30     	; 0x3fb0 <verifySpace>

00003fce <do_spm>:
    3fce:	fc 01       	movw	r30, r24
 *   data=0 in WRITE
 */
static void do_spm(uint16_t address, uint8_t command, uint16_t data)  __attribute__ ((used));
static void do_spm(uint16_t address, uint8_t command, uint16_t data) {
    // Do spm stuff
    asm volatile (
    3fd0:	0a 01       	movw	r0, r20
    3fd2:	67 bf       	out	0x37, r22	; 55
    3fd4:	e8 95       	spm
    3fd6:	11 24       	eor	r1, r1
    3fd8:	07 b6       	in	r0, 0x37	; 55
    );

    // wait for spm to complete
    //   it doesn't have much sense for __BOOT_PAGE_FILL,
    //   but it doesn't hurt and saves some bytes on 'if'
    boot_spm_busy_wait();
    3fda:	00 fc       	sbrc	r0, 0
    3fdc:	fd cf       	rjmp	.-6      	; 0x3fd8 <do_spm+0xa>
    3fde:	08 95       	ret
