
optiboot_attiny84.elf:     file format elf32-avr

Sections:
Idx Name          Size      VMA       LMA       File off  Algn
  0 .text         0000024e  00001d80  00001d80  00000094  2**1
                  CONTENTS, ALLOC, LOAD, READONLY, CODE
  1 .version      00000002  00001ffe  00001ffe  000002e2  2**0
                  CONTENTS, ALLOC, LOAD, READONLY, DATA
  2 .data         00000000  00800060  00001fce  000002e2  2**0
                  CONTENTS, ALLOC, LOAD, DATA
  3 .comment      00000011  00000000  00000000  000002e4  2**0
                  CONTENTS, READONLY
  4 .debug_aranges 00000030  00000000  00000000  000002f5  2**0
                  CONTENTS, READONLY, DEBUGGING
  5 .debug_info   00000664  00000000  00000000  00000325  2**0
                  CONTENTS, READONLY, DEBUGGING
  6 .debug_abbrev 000002de  00000000  00000000  00000989  2**0
                  CONTENTS, READONLY, DEBUGGING
  7 .debug_line   00000387  00000000  00000000  00000c67  2**0
                  CONTENTS, READONLY, DEBUGGING
  8 .debug_frame  000000ac  00000000  00000000  00000ff0  2**2
                  CONTENTS, READONLY, DEBUGGING
  9 .debug_str    0000021e  00000000  00000000  0000109c  2**0
                  CONTENTS, READONLY, DEBUGGING
 10 .debug_loc    0000037d  00000000  00000000  000012ba  2**0
                  CONTENTS, READONLY, DEBUGGING
 11 .debug_ranges 00000080  00000000  00000000  00001637  2**0
                  CONTENTS, READONLY, DEBUGGING

Disassembly of section .text:

00001d80 <pre_main>:
/* everything that needs to run VERY early */
void pre_main(void) {
  // Allow convenient way of calling do_spm function - jump table,
  //   so entry to this function will always be here, independent of compilation,
  //   features etc
  asm volatile (
    1d80:	01 c0       	rjmp	.+2      	; 0x1d84 <main>
    1d82:	1c c1       	rjmp	.+568    	; 0x1fbc <do_spm>

00001d84 <main>:
  //  SP points to RAMEND
  //  r1 contains zero
  //
  // If not, uncomment the following instructions:
  // cli();
  asm volatile ("clr __zero_reg__");
    1d84:	11 24       	eor	r1, r1
   *
   * Code by MarkG55
   * see discussion in https://github.com/Optiboot/optiboot/issues/97
   */

  ch = MCUSTATUSREG;
    1d86:	84 b7       	in	r24, 0x34	; 52

  // Skip all logic and run bootloader if MCUSR is cleared (application request)
  if (ch != 0) {
    1d88:	88 23       	and	r24, r24
    1d8a:	79 f0       	breq	.+30     	; 0x1daa <main+0x26>
     * an external reset - only useful in combination with above,
     * for some unusual use cases.
     *
     */
#if (!(defined(START_APP_ON_EXTR)||defined(NO_START_APP_ON_POR))) //normal behavior
    if ((ch & (_BV(WDRF) | _BV(EXTRF))) != _BV(EXTRF)) {                      // Run app if EXTRF not set, or WDRF and EXTRF set
    1d8c:	98 2f       	mov	r25, r24
    1d8e:	9a 70       	andi	r25, 0x0A	; 10
    1d90:	92 30       	cpi	r25, 0x02	; 2
    1d92:	59 f0       	breq	.+22     	; 0x1daa <main+0x26>
      if (ch & _BV(EXTRF)) {                                                  // Both WDRF and EXTRF are set
    1d94:	81 ff       	sbrs	r24, 1
    1d96:	03 c0       	rjmp	.+6      	; 0x1d9e <main+0x1a>
         * Clear WDRF because it was most probably set by wdr in bootloader.
         * It's also needed to avoid loop by broken application which could
         * prevent entering bootloader.
         * '&= allows CBI to be used, saves flash
         */
        MCUSTATUSREG &= ~(_BV(WDRF));
    1d98:	94 b7       	in	r25, 0x34	; 52
    1d9a:	97 7f       	andi	r25, 0xF7	; 247
    1d9c:	94 bf       	out	0x34, r25	; 52
      /*
       * save the reset flags in the designated register
       * This can be saved in a main program by putting code in .init0 (which
       * executes before normal c init code) to save R2 to a global variable.
       */
      __asm__ __volatile__ ("mov r2, %0\n" :: "r" (ch));
    1d9e:	28 2e       	mov	r2, r24

      // switch off watchdog
      watchdogConfig(WATCHDOG_OFF);
    1da0:	80 e0       	ldi	r24, 0x00	; 0
    1da2:	f9 d0       	rcall	.+498    	; 0x1f96 <watchdogConfig>
      // Note that appstart_vec is defined so that this works with either
      // real or virtual boot partitions.
       __asm__ __volatile__ (
    1da4:	ee e0       	ldi	r30, 0x0E	; 14
    1da6:	ff 27       	eor	r31, r31
    1da8:	09 94       	ijmp
#elif defined(__AVR_ATtiny25__)||defined(__AVR_ATtiny45__)||defined(__AVR_ATtiny85__)
  TCCR1 = 0x0E; //div 8196 - it's an 8-bit timer.
#elif defined(__AVR_ATtiny43__)
  #error "LED flash for Tiny43 not yet supported"
#else
  TCCR1B = _BV(CS12) | _BV(CS10); // div 1024
    1daa:	85 e0       	ldi	r24, 0x05	; 5
    1dac:	8e bd       	out	0x2e, r24	; 46
  RS485_PORT &= ~_BV(RS485);
  #endif
#endif

  // Set up watchdog to trigger after 1s
  watchdogConfig(WDTPERIOD);
    1dae:	8e e0       	ldi	r24, 0x0E	; 14
    1db0:	f2 d0       	rcall	.+484    	; 0x1f96 <watchdogConfig>

#if (LED_START_FLASHES > 0) || defined(LED_DATA_FLASH) || defined(LED_START_ON)
  /* Set LED pin as output */
  LED_DDR |= _BV(LED);
    1db2:	ba 9a       	sbi	0x17, 2	; 23
#endif

#ifdef SOFT_UART
  /* Set TX pin as output */
  UART_DDR |= _BV(UART_TX_BIT);
    1db4:	d1 9a       	sbi	0x1a, 1	; 26
    1db6:	86 e0       	ldi	r24, 0x06	; 6
        TIFR = _BV(TOV1);
        while(!(TIFR & _BV(TOV1)));
    #elif defined(__AVR_ATtiny43__)
        #error "LED flash for Tiny43 not yet supported"
    #else
        TCNT1 = -(F_CPU/(1024*16));
    1db8:	2c e3       	ldi	r18, 0x3C	; 60
    1dba:	3b ef       	ldi	r19, 0xFB	; 251
        TIFR1 = _BV(TOV1);
    1dbc:	91 e0       	ldi	r25, 0x01	; 1
        TIFR = _BV(TOV1);
        while(!(TIFR & _BV(TOV1)));
    #elif defined(__AVR_ATtiny43__)
        #error "LED flash for Tiny43 not yet supported"
    #else
        TCNT1 = -(F_CPU/(1024*16));
    1dbe:	3d bd       	out	0x2d, r19	; 45
    1dc0:	2c bd       	out	0x2c, r18	; 44
        TIFR1 = _BV(TOV1);
    1dc2:	9b b9       	out	0x0b, r25	; 11
        while(!(TIFR1 & _BV(TOV1)));
    1dc4:	58 9b       	sbis	0x0b, 0	; 11
    1dc6:	fe cf       	rjmp	.-4      	; 0x1dc4 <main+0x40>
    defined(__AVR_ATmega8535__) || defined(__AVR_ATmega16__)   ||    \
    defined(__AVR_ATmega162__)  || defined(__AVR_ATmega32__)   ||    \
    defined(__AVR_ATmega64__)   || defined(__AVR_ATmega128__)
    LED_PORT ^= _BV(LED);
#else
    LED_PIN |= _BV(LED);
    1dc8:	b2 9a       	sbi	0x16, 2	; 22
}
#endif

// Watchdog functions. These are only safe with interrupts turned off.
void watchdogReset() {
  __asm__ __volatile__ (
    1dca:	a8 95       	wdr
    1dcc:	81 50       	subi	r24, 0x01	; 1
#else
// This doesn't seem to work?
//    if ((UART_PIN & (1<<UART_RX_BIT)) == 0)
//    break;  // detect start bit on soft uart too.
#endif
  } while (--count);
    1dce:	b9 f7       	brne	.-18     	; 0x1dbe <main+0x3a>
         * and we needed the space back.
         */
#ifdef FOURPAGEERASE
        if ((address.bytes[0] & ((SPM_PAGESIZE<<2)-1))==0) {
#endif
        __boot_page_erase_short(address.word);
    1dd0:	93 e0       	ldi	r25, 0x03	; 3
    1dd2:	d9 2e       	mov	r13, r25

        /*
         * Copy data from the buffer into the flash write buffer.
         */
        do {
        __boot_page_fill_short((uint16_t)(void*)addrPtr, *(mybuff.wptr++));
    1dd4:	cc 24       	eor	r12, r12
    1dd6:	c3 94       	inc	r12
        } while (len -= 2);

        /*
         * Actually Write the buffer to flash (and wait for it to finish.)
         */
        __boot_page_write_short(address.word);
    1dd8:	25 e0       	ldi	r18, 0x05	; 5
    1dda:	b2 2e       	mov	r11, r18
        // Move RESET vector to 'save' vector
    // Save jmp targets (for "Verify")
    rstVect0_sav = buff.bptr[rstVect0];
    rstVect1_sav = buff.bptr[rstVect1];
    addr16_t vect;
    vect.word = ((uint16_t)main);
    1ddc:	32 ec       	ldi	r19, 0xC2	; 194
    1dde:	e3 2e       	mov	r14, r19
    1de0:	3e e0       	ldi	r19, 0x0E	; 14
    1de2:	f3 2e       	mov	r15, r19
    buff.bptr[0] = vect.bytes[0]; // rjmp to start of bootloader
    buff.bptr[1] = vect.bytes[1] | 0xC0;  // make an "rjmp"
    1de4:	8f 2d       	mov	r24, r15
    1de6:	80 6c       	ori	r24, 0xC0	; 192
    1de8:	a8 2e       	mov	r10, r24
#endif

  /* Forever loop: exits by causing WDT reset */
  for (;;) {
    /* get character from UART */
    ch = getch();
    1dea:	c1 d0       	rcall	.+386    	; 0x1f6e <getch>

    if(ch == STK_GET_PARAMETER) {
    1dec:	81 34       	cpi	r24, 0x41	; 65
    1dee:	61 f4       	brne	.+24     	; 0x1e08 <main+0x84>
      unsigned char which = getch();
    1df0:	be d0       	rcall	.+380    	; 0x1f6e <getch>
    1df2:	18 2f       	mov	r17, r24
      verifySpace();
    1df4:	d4 d0       	rcall	.+424    	; 0x1f9e <verifySpace>
      /*
       * Send optiboot version as "SW version"
       * Note that the references to memory are optimized away.
       */
      if (which == STK_SW_MINOR) {
    1df6:	12 38       	cpi	r17, 0x82	; 130
    1df8:	e9 f0       	breq	.+58     	; 0x1e34 <main+0xb0>
      putch(optiboot_version & 0xFF);
      } else if (which == STK_SW_MAJOR) {
    1dfa:	11 38       	cpi	r17, 0x81	; 129
    1dfc:	11 f4       	brne	.+4      	; 0x1e02 <main+0x7e>
      putch(optiboot_version >> 8);
    1dfe:	8b e3       	ldi	r24, 0x3B	; 59
    1e00:	01 c0       	rjmp	.+2      	; 0x1e04 <main+0x80>
      } else {
    /*
     * GET PARAMETER returns a generic 0x03 reply for
         * other parameters - enough to keep Avrdude happy
     */
    putch(0x03);
    1e02:	83 e0       	ldi	r24, 0x03	; 3
    1e04:	a5 d0       	rcall	.+330    	; 0x1f50 <putch>
    1e06:	a1 c0       	rjmp	.+322    	; 0x1f4a <main+0x1c6>
      }
    }
    else if(ch == STK_SET_DEVICE) {
    1e08:	82 34       	cpi	r24, 0x42	; 66
    1e0a:	11 f4       	brne	.+4      	; 0x1e10 <main+0x8c>
      // SET DEVICE is ignored
      getNch(20);
    1e0c:	84 e1       	ldi	r24, 0x14	; 20
    1e0e:	03 c0       	rjmp	.+6      	; 0x1e16 <main+0x92>
    }
    else if(ch == STK_SET_DEVICE_EXT) {
    1e10:	85 34       	cpi	r24, 0x45	; 69
    1e12:	19 f4       	brne	.+6      	; 0x1e1a <main+0x96>
      // SET DEVICE EXT is ignored
      getNch(5);
    1e14:	85 e0       	ldi	r24, 0x05	; 5
    1e16:	cb d0       	rcall	.+406    	; 0x1fae <getNch>
    1e18:	98 c0       	rjmp	.+304    	; 0x1f4a <main+0x1c6>
    }
    else if(ch == STK_LOAD_ADDRESS) {
    1e1a:	85 35       	cpi	r24, 0x55	; 85
    1e1c:	39 f4       	brne	.+14     	; 0x1e2c <main+0xa8>
      // LOAD ADDRESS
      address.bytes[0] = getch();
    1e1e:	a7 d0       	rcall	.+334    	; 0x1f6e <getch>
    1e20:	c8 2f       	mov	r28, r24
      address.bytes[1] = getch();
    1e22:	a5 d0       	rcall	.+330    	; 0x1f6e <getch>
    1e24:	d8 2f       	mov	r29, r24
      }
      else {
        RAMPZ &= 0xFE;
      }
#endif
      address.word *= 2; // Convert from word address to byte address
    1e26:	cc 0f       	add	r28, r28
    1e28:	dd 1f       	adc	r29, r29
    1e2a:	8e c0       	rjmp	.+284    	; 0x1f48 <main+0x1c4>
      verifySpace();
    }
    else if(ch == STK_UNIVERSAL) {
    1e2c:	86 35       	cpi	r24, 0x56	; 86
    1e2e:	21 f4       	brne	.+8      	; 0x1e38 <main+0xb4>
        getNch(3);
        putch(0x00);
      }
#else
      // UNIVERSAL command is ignored
      getNch(4);
    1e30:	84 e0       	ldi	r24, 0x04	; 4
    1e32:	bd d0       	rcall	.+378    	; 0x1fae <getNch>
      putch(0x00);
    1e34:	80 e0       	ldi	r24, 0x00	; 0
    1e36:	e6 cf       	rjmp	.-52     	; 0x1e04 <main+0x80>
#endif
    }
    /* Write memory, length is big endian and is in bytes */
    else if(ch == STK_PROG_PAGE) {
    1e38:	84 36       	cpi	r24, 0x64	; 100
    1e3a:	09 f0       	breq	.+2      	; 0x1e3e <main+0xba>
    1e3c:	4f c0       	rjmp	.+158    	; 0x1edc <main+0x158>
      // PROGRAM PAGE - we support flash programming only, not EEPROM
      uint8_t desttype;
      uint8_t *bufPtr;
      pagelen_t savelength;

      GETLENGTH(length);
    1e3e:	97 d0       	rcall	.+302    	; 0x1f6e <getch>
    1e40:	96 d0       	rcall	.+300    	; 0x1f6e <getch>
    1e42:	98 2e       	mov	r9, r24
      savelength = length;
      desttype = getch();
    1e44:	94 d0       	rcall	.+296    	; 0x1f6e <getch>
    1e46:	88 2e       	mov	r8, r24
      // PROGRAM PAGE - we support flash programming only, not EEPROM
      uint8_t desttype;
      uint8_t *bufPtr;
      pagelen_t savelength;

      GETLENGTH(length);
    1e48:	79 2c       	mov	r7, r9
      savelength = length;
      desttype = getch();
    1e4a:	00 e6       	ldi	r16, 0x60	; 96
    1e4c:	10 e0       	ldi	r17, 0x00	; 0

      // read a page worth of contents
      bufPtr = buff.bptr;
      do *bufPtr++ = getch();
    1e4e:	8f d0       	rcall	.+286    	; 0x1f6e <getch>
    1e50:	f8 01       	movw	r30, r16
    1e52:	81 93       	st	Z+, r24
    1e54:	8f 01       	movw	r16, r30
      while (--length);
    1e56:	7a 94       	dec	r7
    1e58:	71 10       	cpse	r7, r1
    1e5a:	f9 cf       	rjmp	.-14     	; 0x1e4e <main+0xca>

      // Read command terminator, start reply
      verifySpace();
    1e5c:	a0 d0       	rcall	.+320    	; 0x1f9e <verifySpace>

#else
/*
 * AVR with 2-byte ISR Vectors and rjmp
 */
      if (address.word == rstVect0) {
    1e5e:	20 97       	sbiw	r28, 0x00	; 0
    1e60:	f1 f4       	brne	.+60     	; 0x1e9e <main+0x11a>
        // This is the reset vector page. We need to live-patch
        // the code so the bootloader runs first.
        //
        // Move RESET vector to 'save' vector
    // Save jmp targets (for "Verify")
    rstVect0_sav = buff.bptr[rstVect0];
    1e62:	30 91 60 00 	lds	r19, 0x0060	; 0x800060 <_edata>
    1e66:	30 93 e4 00 	sts	0x00E4, r19	; 0x8000e4 <_edata+0x84>
    rstVect1_sav = buff.bptr[rstVect1];
    1e6a:	20 91 61 00 	lds	r18, 0x0061	; 0x800061 <_edata+0x1>
    1e6e:	20 93 e5 00 	sts	0x00E5, r18	; 0x8000e5 <_edata+0x85>
    addr16_t vect;
    vect.word = ((uint16_t)main);
    buff.bptr[0] = vect.bytes[0]; // rjmp to start of bootloader
    buff.bptr[1] = vect.bytes[1] | 0xC0;  // make an "rjmp"
    1e72:	a0 92 61 00 	sts	0x0061, r10	; 0x800061 <_edata+0x1>
        buff.bptr[saveVect0-(SPM_PAGESIZE*(save_vect_num/(SPM_PAGESIZE/2)))] = vect.bytes[0];
        buff.bptr[saveVect1-(SPM_PAGESIZE*(save_vect_num/(SPM_PAGESIZE/2)))] = (vect.bytes[1] & 0x0F)| 0xC0;  // make an "rjmp"
      }
#else

        saveVect0_sav = buff.bptr[saveVect0];
    1e76:	40 91 7c 00 	lds	r20, 0x007C	; 0x80007c <_edata+0x1c>
    1e7a:	40 93 e6 00 	sts	0x00E6, r20	; 0x8000e6 <_edata+0x86>
        saveVect1_sav = buff.bptr[saveVect1];
    1e7e:	40 91 7d 00 	lds	r20, 0x007D	; 0x80007d <_edata+0x1d>
    1e82:	40 93 e7 00 	sts	0x00E7, r20	; 0x8000e7 <_edata+0x87>
        vect.bytes[0] = rstVect0_sav;
    1e86:	83 2f       	mov	r24, r19
        vect.bytes[1] = rstVect1_sav;
    1e88:	92 2f       	mov	r25, r18
        vect.word = (vect.word-save_vect_num); //subtract 'save' interrupt position
    1e8a:	0e 97       	sbiw	r24, 0x0e	; 14
        // Move RESET jmp target to 'save' vector
        buff.bptr[saveVect0] = vect.bytes[0];
    1e8c:	80 93 7c 00 	sts	0x007C, r24	; 0x80007c <_edata+0x1c>
        buff.bptr[saveVect1] = (vect.bytes[1] & 0x0F)| 0xC0;  // make an "rjmp"
    1e90:	89 2f       	mov	r24, r25
    1e92:	8f 70       	andi	r24, 0x0F	; 15
    1e94:	80 6c       	ori	r24, 0xC0	; 192
    1e96:	80 93 7d 00 	sts	0x007D, r24	; 0x80007d <_edata+0x1d>
        // Add rjump to bootloader at RESET vector
        vect.word = ((uint16_t)main); // (main) is always <= 0x0FFF; no masking needed.
        buff.bptr[0] = vect.bytes[0]; // rjmp 0x1c00 instruction
    1e9a:	e0 92 60 00 	sts	0x0060, r14	; 0x800060 <_edata>
 * void writebuffer(memtype, buffer, address, length)
 */
static inline void writebuffer(int8_t memtype, addr16_t mybuff,
                   addr16_t address, pagelen_t len)
{
    switch (memtype) {
    1e9e:	f5 e4       	ldi	r31, 0x45	; 69
    1ea0:	8f 12       	cpse	r8, r31
    1ea2:	01 c0       	rjmp	.+2      	; 0x1ea6 <main+0x122>
    1ea4:	ff cf       	rjmp	.-2      	; 0x1ea4 <main+0x120>
         * and we needed the space back.
         */
#ifdef FOURPAGEERASE
        if ((address.bytes[0] & ((SPM_PAGESIZE<<2)-1))==0) {
#endif
        __boot_page_erase_short(address.word);
    1ea6:	fe 01       	movw	r30, r28
    1ea8:	d7 be       	out	0x37, r13	; 55
    1eaa:	e8 95       	spm
        boot_spm_busy_wait();
    1eac:	07 b6       	in	r0, 0x37	; 55
    1eae:	00 fc       	sbrc	r0, 0
    1eb0:	fd cf       	rjmp	.-6      	; 0x1eac <main+0x128>
    1eb2:	a0 e6       	ldi	r26, 0x60	; 96
    1eb4:	b0 e0       	ldi	r27, 0x00	; 0
    1eb6:	fe 01       	movw	r30, r28

        /*
         * Copy data from the buffer into the flash write buffer.
         */
        do {
        __boot_page_fill_short((uint16_t)(void*)addrPtr, *(mybuff.wptr++));
    1eb8:	8d 91       	ld	r24, X+
    1eba:	9d 91       	ld	r25, X+
    1ebc:	0c 01       	movw	r0, r24
    1ebe:	c7 be       	out	0x37, r12	; 55
    1ec0:	e8 95       	spm
    1ec2:	11 24       	eor	r1, r1
        addrPtr += 2;
        } while (len -= 2);
    1ec4:	9a 94       	dec	r9
    1ec6:	9a 94       	dec	r9
    1ec8:	32 96       	adiw	r30, 0x02	; 2
    1eca:	91 10       	cpse	r9, r1
    1ecc:	f5 cf       	rjmp	.-22     	; 0x1eb8 <main+0x134>

        /*
         * Actually Write the buffer to flash (and wait for it to finish.)
         */
        __boot_page_write_short(address.word);
    1ece:	fe 01       	movw	r30, r28
    1ed0:	b7 be       	out	0x37, r11	; 55
    1ed2:	e8 95       	spm
        boot_spm_busy_wait();
    1ed4:	07 b6       	in	r0, 0x37	; 55
    1ed6:	00 fc       	sbrc	r0, 0
    1ed8:	fd cf       	rjmp	.-6      	; 0x1ed4 <main+0x150>
    1eda:	37 c0       	rjmp	.+110    	; 0x1f4a <main+0x1c6>
      writebuffer(desttype, buff, address, savelength);


    }
    /* Read memory block mode, length is big endian.  */
    else if(ch == STK_READ_PAGE) {
    1edc:	84 37       	cpi	r24, 0x74	; 116
    1ede:	39 f5       	brne	.+78     	; 0x1f2e <main+0x1aa>
      uint8_t desttype;
      GETLENGTH(length);
    1ee0:	46 d0       	rcall	.+140    	; 0x1f6e <getch>
    1ee2:	45 d0       	rcall	.+138    	; 0x1f6e <getch>
    1ee4:	98 2e       	mov	r9, r24

      desttype = getch();
    1ee6:	43 d0       	rcall	.+134    	; 0x1f6e <getch>

      verifySpace();
    1ee8:	5a d0       	rcall	.+180    	; 0x1f9e <verifySpace>
    1eea:	8e 01       	movw	r16, r28
#endif
    default:
    do {
#ifdef VIRTUAL_BOOT_PARTITION
        // Undo vector patch in bottom page so verify passes
        if (address.word == rstVect0) ch = rstVect0_sav;
    1eec:	01 15       	cp	r16, r1
    1eee:	11 05       	cpc	r17, r1
    1ef0:	19 f4       	brne	.+6      	; 0x1ef8 <main+0x174>
    1ef2:	80 91 e4 00 	lds	r24, 0x00E4	; 0x8000e4 <_edata+0x84>
    1ef6:	14 c0       	rjmp	.+40     	; 0x1f20 <main+0x19c>
        else if (address.word == rstVect1) ch = rstVect1_sav;
    1ef8:	01 30       	cpi	r16, 0x01	; 1
    1efa:	11 05       	cpc	r17, r1
    1efc:	19 f4       	brne	.+6      	; 0x1f04 <main+0x180>
    1efe:	80 91 e5 00 	lds	r24, 0x00E5	; 0x8000e5 <_edata+0x85>
    1f02:	0e c0       	rjmp	.+28     	; 0x1f20 <main+0x19c>
        else if (address.word == saveVect0) ch = saveVect0_sav;
    1f04:	0c 31       	cpi	r16, 0x1C	; 28
    1f06:	11 05       	cpc	r17, r1
    1f08:	19 f4       	brne	.+6      	; 0x1f10 <main+0x18c>
    1f0a:	80 91 e6 00 	lds	r24, 0x00E6	; 0x8000e6 <_edata+0x86>
    1f0e:	08 c0       	rjmp	.+16     	; 0x1f20 <main+0x19c>
        else if (address.word == saveVect1) ch = saveVect1_sav;
    1f10:	0d 31       	cpi	r16, 0x1D	; 29
    1f12:	11 05       	cpc	r17, r1
    1f14:	19 f4       	brne	.+6      	; 0x1f1c <main+0x198>
    1f16:	80 91 e7 00 	lds	r24, 0x00E7	; 0x8000e7 <_edata+0x87>
    1f1a:	02 c0       	rjmp	.+4      	; 0x1f20 <main+0x19c>
        else ch = pgm_read_byte_near(address.bptr);
    1f1c:	f8 01       	movw	r30, r16
    1f1e:	84 91       	lpm	r24, Z
        __asm__ ("elpm %0,Z+\n" : "=r" (ch), "=z" (address.bptr): "1" (address));
#else
        // read a Flash byte and increment the address
        __asm__ ("lpm %0,Z+\n" : "=r" (ch), "=z" (address.bptr): "1" (address));
#endif
        putch(ch);
    1f20:	17 d0       	rcall	.+46     	; 0x1f50 <putch>
    } while (--length);
    1f22:	9a 94       	dec	r9
    1f24:	0f 5f       	subi	r16, 0xFF	; 255
    1f26:	1f 4f       	sbci	r17, 0xFF	; 255
    1f28:	91 10       	cpse	r9, r1
    1f2a:	e0 cf       	rjmp	.-64     	; 0x1eec <main+0x168>
    1f2c:	0e c0       	rjmp	.+28     	; 0x1f4a <main+0x1c6>

      read_mem(desttype, address, length);
    }

    /* Get device signature bytes  */
    else if(ch == STK_READ_SIGN) {
    1f2e:	85 37       	cpi	r24, 0x75	; 117
    1f30:	39 f4       	brne	.+14     	; 0x1f40 <main+0x1bc>
      // READ SIGN - return what Avrdude wants to hear
      verifySpace();
    1f32:	35 d0       	rcall	.+106    	; 0x1f9e <verifySpace>
      putch(SIGNATURE_0);
    1f34:	8e e1       	ldi	r24, 0x1E	; 30
    1f36:	0c d0       	rcall	.+24     	; 0x1f50 <putch>
      putch(SIGNATURE_1);
    1f38:	83 e9       	ldi	r24, 0x93	; 147
    1f3a:	0a d0       	rcall	.+20     	; 0x1f50 <putch>
      putch(SIGNATURE_2);
    1f3c:	8c e0       	ldi	r24, 0x0C	; 12
    1f3e:	62 cf       	rjmp	.-316    	; 0x1e04 <main+0x80>
    }
    else if (ch == STK_LEAVE_PROGMODE) { /* 'Q' */
    1f40:	81 35       	cpi	r24, 0x51	; 81
    1f42:	11 f4       	brne	.+4      	; 0x1f48 <main+0x1c4>
      // Adaboot no-wait mod
      watchdogConfig(WATCHDOG_16MS);
    1f44:	88 e0       	ldi	r24, 0x08	; 8
    1f46:	27 d0       	rcall	.+78     	; 0x1f96 <watchdogConfig>
      verifySpace();
    }
    else {
      // This covers the response to commands like STK_ENTER_PROGMODE
      verifySpace();
    1f48:	2a d0       	rcall	.+84     	; 0x1f9e <verifySpace>
    }
    putch(STK_OK);
    1f4a:	80 e1       	ldi	r24, 0x10	; 16
    1f4c:	01 d0       	rcall	.+2      	; 0x1f50 <putch>
  }
    1f4e:	4d cf       	rjmp	.-358    	; 0x1dea <main+0x66>

00001f50 <putch>:
  RS485_PORT &= ~_BV(RS485);
  #else
  RS485_PORT |= _BV(RS485);
  #endif
#endif
  __asm__ __volatile__ (
    1f50:	2a e0       	ldi	r18, 0x0A	; 10
    1f52:	30 e0       	ldi	r19, 0x00	; 0
    1f54:	80 95       	com	r24
    1f56:	08 94       	sec
    1f58:	10 f4       	brcc	.+4      	; 0x1f5e <putch+0xe>
    1f5a:	d9 98       	cbi	0x1b, 1	; 27
    1f5c:	02 c0       	rjmp	.+4      	; 0x1f62 <putch+0x12>
    1f5e:	d9 9a       	sbi	0x1b, 1	; 27
    1f60:	00 00       	nop
    1f62:	15 d0       	rcall	.+42     	; 0x1f8e <uartDelay>
    1f64:	14 d0       	rcall	.+40     	; 0x1f8e <uartDelay>
    1f66:	86 95       	lsr	r24
    1f68:	2a 95       	dec	r18
    1f6a:	b1 f7       	brne	.-20     	; 0x1f58 <putch+0x8>
    1f6c:	08 95       	ret

00001f6e <getch>:
}
#endif

// Watchdog functions. These are only safe with interrupts turned off.
void watchdogReset() {
  __asm__ __volatile__ (
    1f6e:	a8 95       	wdr
#endif
#endif

#ifdef SOFT_UART
    watchdogReset();
  __asm__ __volatile__ (
    1f70:	29 e0       	ldi	r18, 0x09	; 9
    1f72:	30 e0       	ldi	r19, 0x00	; 0
    1f74:	ca 99       	sbic	0x19, 2	; 25
    1f76:	fe cf       	rjmp	.-4      	; 0x1f74 <getch+0x6>
    1f78:	0a d0       	rcall	.+20     	; 0x1f8e <uartDelay>
    1f7a:	09 d0       	rcall	.+18     	; 0x1f8e <uartDelay>
    1f7c:	08 d0       	rcall	.+16     	; 0x1f8e <uartDelay>
    1f7e:	88 94       	clc
    1f80:	ca 99       	sbic	0x19, 2	; 25
    1f82:	08 94       	sec
    1f84:	2a 95       	dec	r18
    1f86:	11 f0       	breq	.+4      	; 0x1f8c <getch+0x1e>
    1f88:	87 95       	ror	r24
    1f8a:	f7 cf       	rjmp	.-18     	; 0x1f7a <getch+0xc>
  LED_PIN |= _BV(LED);
#endif
#endif

  return ch;
}
    1f8c:	08 95       	ret

00001f8e <uartDelay>:
#error Baud rate too high for soft UART
#endif


void uartDelay() {
  __asm__ __volatile__ (
    1f8e:	96 e3       	ldi	r25, 0x36	; 54
    1f90:	9a 95       	dec	r25
    1f92:	f1 f7       	brne	.-4      	; 0x1f90 <uartDelay+0x2>
    1f94:	08 95       	ret

00001f96 <watchdogConfig>:
}

void watchdogConfig(uint8_t x) {
#ifdef WDCE //does it have a Watchdog Change Enable?
 #ifdef WDTCSR
  WDTCSR = _BV(WDCE) | _BV(WDE);
    1f96:	98 e1       	ldi	r25, 0x18	; 24
    1f98:	91 bd       	out	0x21, r25	; 33
#else //then it must be one of those newfangled ones that use CCP
  CCP=0xD8; //so write this magic number to CCP
#endif

#ifdef WDTCSR
  WDTCSR = x;
    1f9a:	81 bd       	out	0x21, r24	; 33
    1f9c:	08 95       	ret

00001f9e <verifySpace>:
  do getch(); while (--count);
  verifySpace();
}

void verifySpace() {
  if (getch() != CRC_EOP) {
    1f9e:	e7 df       	rcall	.-50     	; 0x1f6e <getch>
    1fa0:	80 32       	cpi	r24, 0x20	; 32
    1fa2:	19 f0       	breq	.+6      	; 0x1faa <verifySpace+0xc>
    watchdogConfig(WATCHDOG_16MS);    // shorten WD timeout
    1fa4:	88 e0       	ldi	r24, 0x08	; 8
    1fa6:	f7 df       	rcall	.-18     	; 0x1f96 <watchdogConfig>
    1fa8:	ff cf       	rjmp	.-2      	; 0x1fa8 <verifySpace+0xa>
    while (1)                  // and busy-loop so that WD causes
      ;                      //  a reset and app start.
  }
  putch(STK_INSYNC);
    1faa:	84 e1       	ldi	r24, 0x14	; 20
    1fac:	d1 cf       	rjmp	.-94     	; 0x1f50 <putch>

00001fae <getNch>:
    ::[count] "M" (UART_B_VALUE)
  );
}
#endif

void getNch(uint8_t count) {
    1fae:	cf 93       	push	r28
    1fb0:	c8 2f       	mov	r28, r24
  do getch(); while (--count);
    1fb2:	dd df       	rcall	.-70     	; 0x1f6e <getch>
    1fb4:	c1 50       	subi	r28, 0x01	; 1
    1fb6:	e9 f7       	brne	.-6      	; 0x1fb2 <getNch+0x4>
  verifySpace();
}
    1fb8:	cf 91       	pop	r28
}
#endif

void getNch(uint8_t count) {
  do getch(); while (--count);
  verifySpace();
    1fba:	f1 cf       	rjmp	.-30     	; 0x1f9e <verifySpace>

00001fbc <do_spm>:
 *   data=0 in WRITE
 */
static void do_spm(uint16_t address, uint8_t command, uint16_t data)  __attribute__ ((used));
static void do_spm(uint16_t address, uint8_t command, uint16_t data) {
    // Do spm stuff
    asm volatile (
    1fbc:	fc 01       	movw	r30, r24
    1fbe:	0a 01       	movw	r0, r20
    1fc0:	67 bf       	out	0x37, r22	; 55
    1fc2:	e8 95       	spm
    1fc4:	11 24       	eor	r1, r1
    );

    // wait for spm to complete
    //   it doesn't have much sense for __BOOT_PAGE_FILL,
    //   but it doesn't hurt and saves some bytes on 'if'
    boot_spm_busy_wait();
    1fc6:	07 b6       	in	r0, 0x37	; 55
    1fc8:	00 fc       	sbrc	r0, 0
    1fca:	fd cf       	rjmp	.-6      	; 0x1fc6 <do_spm+0xa>
    if ((command & (_BV(PGWRT)|_BV(PGERS))) && (data == 0) ) {
      // Re-enable read access to flash
      __boot_rww_enable_short();
    }
#endif
}
    1fcc:	08 95       	ret
