
optiboot_attiny1634.elf:     file format elf32-avr

Sections:
Idx Name          Size      VMA       LMA       File off  Algn
  0 .data         00000000  00800100  00003fbc  000002d0  2**0
                  CONTENTS, ALLOC, LOAD, DATA
  1 .text         0000023c  00003d80  00003d80  00000094  2**1
                  CONTENTS, ALLOC, LOAD, READONLY, CODE
  2 .version      00000002  00003ffe  00003ffe  000002d0  2**0
                  CONTENTS, ALLOC, LOAD, READONLY, DATA
  3 .comment      00000011  00000000  00000000  000002d2  2**0
                  CONTENTS, READONLY
  4 .debug_aranges 00000030  00000000  00000000  000002e3  2**0
                  CONTENTS, READONLY, DEBUGGING
  5 .debug_info   00000630  00000000  00000000  00000313  2**0
                  CONTENTS, READONLY, DEBUGGING
  6 .debug_abbrev 000002c8  00000000  00000000  00000943  2**0
                  CONTENTS, READONLY, DEBUGGING
  7 .debug_line   000003ae  00000000  00000000  00000c0b  2**0
                  CONTENTS, READONLY, DEBUGGING
  8 .debug_frame  0000009c  00000000  00000000  00000fbc  2**2
                  CONTENTS, READONLY, DEBUGGING
  9 .debug_str    0000020f  00000000  00000000  00001058  2**0
                  CONTENTS, READONLY, DEBUGGING
 10 .debug_loc    00000394  00000000  00000000  00001267  2**0
                  CONTENTS, READONLY, DEBUGGING
 11 .debug_ranges 00000068  00000000  00000000  000015fb  2**0
                  CONTENTS, READONLY, DEBUGGING

Disassembly of section .text:

00003d80 <pre_main>:
/* everything that needs to run VERY early */
void pre_main(void) {
  // Allow convenient way of calling do_spm function - jump table,
  //   so entry to this function will always be here, independent of compilation,
  //   features etc
  asm volatile (
    3d80:	01 c0       	rjmp	.+2      	; 0x3d84 <main>
    3d82:	13 c1       	rjmp	.+550    	; 0x3faa <do_spm>

00003d84 <main>:
  //  SP points to RAMEND
  //  r1 contains zero
  //
  // If not, uncomment the following instructions:
  // cli();
  asm volatile ("clr __zero_reg__");
    3d84:	11 24       	eor	r1, r1
   *
   * Code by MarkG55
   * see discussion in https://github.com/Optiboot/optiboot/issues/97
   */

  ch = MCUSTATUSREG;
    3d86:	85 b7       	in	r24, 0x35	; 53

  // Skip all logic and run bootloader if MCUSR is cleared (application request)
  if (ch != 0) {
    3d88:	88 23       	and	r24, r24
    3d8a:	79 f0       	breq	.+30     	; 0x3daa <main+0x26>
     * an external reset - only useful in combination with above,
     * for some unusual use cases.
     *
     */
#if (!(defined(START_APP_ON_EXTR)||defined(NO_START_APP_ON_POR))) //normal behavior
    if ((ch & (_BV(WDRF) | _BV(EXTRF))) != _BV(EXTRF)) {                      // Run app if EXTRF not set, or WDRF and EXTRF set
    3d8c:	98 2f       	mov	r25, r24
    3d8e:	9a 70       	andi	r25, 0x0A	; 10
    3d90:	92 30       	cpi	r25, 0x02	; 2
    3d92:	59 f0       	breq	.+22     	; 0x3daa <main+0x26>
      if (ch & _BV(EXTRF)) {                                                  // Both WDRF and EXTRF are set
    3d94:	81 ff       	sbrs	r24, 1
    3d96:	03 c0       	rjmp	.+6      	; 0x3d9e <main+0x1a>
         * Clear WDRF because it was most probably set by wdr in bootloader.
         * It's also needed to avoid loop by broken application which could
         * prevent entering bootloader.
         * '&= allows CBI to be used, saves flash
         */
        MCUSTATUSREG &= ~(_BV(WDRF));
    3d98:	95 b7       	in	r25, 0x35	; 53
    3d9a:	97 7f       	andi	r25, 0xF7	; 247
    3d9c:	95 bf       	out	0x35, r25	; 53
      /*
       * save the reset flags in the designated register
       * This can be saved in a main program by putting code in .init0 (which
       * executes before normal c init code) to save R2 to a global variable.
       */
      __asm__ __volatile__ ("mov r2, %0\n" :: "r" (ch));
    3d9e:	28 2e       	mov	r2, r24

      // switch off watchdog
      watchdogConfig(WATCHDOG_OFF);
    3da0:	80 e0       	ldi	r24, 0x00	; 0
    3da2:	f0 d0       	rcall	.+480    	; 0x3f84 <watchdogConfig>
      // Note that appstart_vec is defined so that this works with either
      // real or virtual boot partitions.
       __asm__ __volatile__ (
    3da4:	e4 e3       	ldi	r30, 0x34	; 52
    3da6:	ff 27       	eor	r31, r31
    3da8:	09 94       	ijmp
#elif defined(__AVR_ATtiny25__)||defined(__AVR_ATtiny45__)||defined(__AVR_ATtiny85__)
  TCCR1 = 0x0E; //div 8196 - it's an 8-bit timer.
#elif defined(__AVR_ATtiny43__)
  #error "LED flash for Tiny43 not yet supported"
#else
  TCCR1B = _BV(CS12) | _BV(CS10); // div 1024
    3daa:	85 e0       	ldi	r24, 0x05	; 5
    3dac:	80 93 71 00 	sts	0x0071, r24	; 0x800071 <__EEPROM_REGION_LENGTH__+0x7f0071>
  LINBTR = (1 << LDISR) | (8 << LBT0);
  LINCR = _BV(LENA) | _BV(LCMD2) | _BV(LCMD1) | _BV(LCMD0);
  LINDAT=0;
    #else
      #ifndef SINGLESPEED
  UART_SRA = _BV(U2X0); //Double speed mode USART0
    3db0:	82 e0       	ldi	r24, 0x02	; 2
    3db2:	86 bd       	out	0x26, r24	; 38
      #endif
  UART_SRB = _BV(RXEN0) | _BV(TXEN0);
    3db4:	88 e1       	ldi	r24, 0x18	; 24
    3db6:	85 bd       	out	0x25, r24	; 37
  UART_SRC = _BV(UCSZ00) | _BV(UCSZ01);
    3db8:	86 e0       	ldi	r24, 0x06	; 6
    3dba:	84 bd       	out	0x24, r24	; 36
  UART_SRL = (uint8_t)BAUD_SETTING;
    3dbc:	83 e1       	ldi	r24, 0x13	; 19
    3dbe:	81 bd       	out	0x21, r24	; 33
  RS485_PORT &= ~_BV(RS485);
  #endif
#endif

  // Set up watchdog to trigger after 1s
  watchdogConfig(WDTPERIOD);
    3dc0:	8e e0       	ldi	r24, 0x0E	; 14
    3dc2:	e0 d0       	rcall	.+448    	; 0x3f84 <watchdogConfig>

#if (LED_START_FLASHES > 0) || defined(LED_DATA_FLASH) || defined(LED_START_ON)
  /* Set LED pin as output */
  LED_DDR |= _BV(LED);
    3dc4:	40 9a       	sbi	0x08, 0	; 8
    3dc6:	86 e0       	ldi	r24, 0x06	; 6
        TIFR = _BV(TOV1);
        while(!(TIFR & _BV(TOV1)));
    #elif defined(__AVR_ATtiny43__)
        #error "LED flash for Tiny43 not yet supported"
    #else
        TCNT1 = -(F_CPU/(1024*16));
    3dc8:	2e ec       	ldi	r18, 0xCE	; 206
    3dca:	3d ef       	ldi	r19, 0xFD	; 253
        TIFR1 = _BV(TOV1);
    3dcc:	90 e8       	ldi	r25, 0x80	; 128
        TIFR = _BV(TOV1);
        while(!(TIFR & _BV(TOV1)));
    #elif defined(__AVR_ATtiny43__)
        #error "LED flash for Tiny43 not yet supported"
    #else
        TCNT1 = -(F_CPU/(1024*16));
    3dce:	30 93 6f 00 	sts	0x006F, r19	; 0x80006f <__EEPROM_REGION_LENGTH__+0x7f006f>
    3dd2:	20 93 6e 00 	sts	0x006E, r18	; 0x80006e <__EEPROM_REGION_LENGTH__+0x7f006e>
        TIFR1 = _BV(TOV1);
    3dd6:	99 bf       	out	0x39, r25	; 57
        while(!(TIFR1 & _BV(TOV1)));
    3dd8:	09 b6       	in	r0, 0x39	; 57
    3dda:	07 fe       	sbrs	r0, 7
    3ddc:	fd cf       	rjmp	.-6      	; 0x3dd8 <main+0x54>
    defined(__AVR_ATmega8535__) || defined(__AVR_ATmega16__)   ||    \
    defined(__AVR_ATmega162__)  || defined(__AVR_ATmega32__)   ||    \
    defined(__AVR_ATmega64__)   || defined(__AVR_ATmega128__)
    LED_PORT ^= _BV(LED);
#else
    LED_PIN |= _BV(LED);
    3dde:	38 9a       	sbi	0x07, 0	; 7
}
#endif

// Watchdog functions. These are only safe with interrupts turned off.
void watchdogReset() {
  __asm__ __volatile__ (
    3de0:	a8 95       	wdr
     *  by the UART hardware, avrdude sends several attempts in rather
     *  quick succession, some of which will be lost and cause us to
     *  get out of sync.  So if we see any data; stop blinking.
     */
#ifndef LIN_UART
    if (UART_SRA & _BV(RXC0))
    3de2:	06 b4       	in	r0, 0x26	; 38
    3de4:	07 fc       	sbrc	r0, 7
    3de6:	02 c0       	rjmp	.+4      	; 0x3dec <main+0x68>
    3de8:	81 50       	subi	r24, 0x01	; 1
#else
// This doesn't seem to work?
//    if ((UART_PIN & (1<<UART_RX_BIT)) == 0)
//    break;  // detect start bit on soft uart too.
#endif
  } while (--count);
    3dea:	89 f7       	brne	.-30     	; 0x3dce <main+0x4a>


        // Add jump to bootloader at RESET vector
        // WARNING: this works as long as 'main' is in first section
        buff.bptr[rstVect0] = ((uint16_t)main) & 0xFF;
        buff.bptr[rstVect1] = ((uint16_t)main) >> 8;
    3dec:	82 ec       	ldi	r24, 0xC2	; 194
    3dee:	9e e1       	ldi	r25, 0x1E	; 30
    3df0:	c9 2e       	mov	r12, r25

        /*
         * Copy data from the buffer into the flash write buffer.
         */
        do {
        __boot_page_fill_short((uint16_t)(void*)addrPtr, *(mybuff.wptr++));
    3df2:	bb 24       	eor	r11, r11
    3df4:	b3 94       	inc	r11
        } while (len -= 2);

        /*
         * Actually Write the buffer to flash (and wait for it to finish.)
         */
        __boot_page_write_short(address.word);
    3df6:	25 e0       	ldi	r18, 0x05	; 5
    3df8:	a2 2e       	mov	r10, r18
         * and we needed the space back.
         */
#ifdef FOURPAGEERASE
        if ((address.bytes[0] & ((SPM_PAGESIZE<<2)-1))==0) {
#endif
        __boot_page_erase_short(address.word);
    3dfa:	33 e0       	ldi	r19, 0x03	; 3
    rstVect1_sav = buff.bptr[rstVect1];


        // Add jump to bootloader at RESET vector
        // WARNING: this works as long as 'main' is in first section
        buff.bptr[rstVect0] = ((uint16_t)main) & 0xFF;
    3dfc:	93 2e       	mov	r9, r19
#endif

  /* Forever loop: exits by causing WDT reset */
  for (;;) {
    /* get character from UART */
    ch = getch();
    3dfe:	7c 01       	movw	r14, r24

    if(ch == STK_GET_PARAMETER) {
    3e00:	b8 d0       	rcall	.+368    	; 0x3f72 <getch>
      unsigned char which = getch();
    3e02:	81 34       	cpi	r24, 0x41	; 65
    3e04:	61 f4       	brne	.+24     	; 0x3e1e <main+0x9a>
    3e06:	b5 d0       	rcall	.+362    	; 0x3f72 <getch>
      verifySpace();
    3e08:	18 2f       	mov	r17, r24
    3e0a:	c0 d0       	rcall	.+384    	; 0x3f8c <verifySpace>
      /*
       * Send optiboot version as "SW version"
       * Note that the references to memory are optimized away.
       */
      if (which == STK_SW_MINOR) {
    3e0c:	12 38       	cpi	r17, 0x82	; 130
    3e0e:	e9 f0       	breq	.+58     	; 0x3e4a <main+0xc6>
      putch(optiboot_version & 0xFF);
      } else if (which == STK_SW_MAJOR) {
    3e10:	11 38       	cpi	r17, 0x81	; 129
      putch(optiboot_version >> 8);
    3e12:	11 f4       	brne	.+4      	; 0x3e18 <main+0x94>
    3e14:	8b e3       	ldi	r24, 0x3B	; 59
      } else {
    /*
     * GET PARAMETER returns a generic 0x03 reply for
         * other parameters - enough to keep Avrdude happy
     */
    putch(0x03);
    3e16:	01 c0       	rjmp	.+2      	; 0x3e1a <main+0x96>
    3e18:	83 e0       	ldi	r24, 0x03	; 3
    3e1a:	a6 d0       	rcall	.+332    	; 0x3f68 <putch>
    3e1c:	a2 c0       	rjmp	.+324    	; 0x3f62 <main+0x1de>
      }
    }
    else if(ch == STK_SET_DEVICE) {
    3e1e:	82 34       	cpi	r24, 0x42	; 66
      // SET DEVICE is ignored
      getNch(20);
    3e20:	11 f4       	brne	.+4      	; 0x3e26 <main+0xa2>
    3e22:	84 e1       	ldi	r24, 0x14	; 20
    }
    else if(ch == STK_SET_DEVICE_EXT) {
    3e24:	03 c0       	rjmp	.+6      	; 0x3e2c <main+0xa8>
      // SET DEVICE EXT is ignored
      getNch(5);
    3e26:	85 34       	cpi	r24, 0x45	; 69
    3e28:	19 f4       	brne	.+6      	; 0x3e30 <main+0xac>
    3e2a:	85 e0       	ldi	r24, 0x05	; 5
    }
    else if(ch == STK_LOAD_ADDRESS) {
    3e2c:	b7 d0       	rcall	.+366    	; 0x3f9c <getNch>
    3e2e:	99 c0       	rjmp	.+306    	; 0x3f62 <main+0x1de>
      // LOAD ADDRESS
      address.bytes[0] = getch();
    3e30:	85 35       	cpi	r24, 0x55	; 85
    3e32:	39 f4       	brne	.+14     	; 0x3e42 <main+0xbe>
    3e34:	9e d0       	rcall	.+316    	; 0x3f72 <getch>
      address.bytes[1] = getch();
    3e36:	c8 2f       	mov	r28, r24
    3e38:	9c d0       	rcall	.+312    	; 0x3f72 <getch>
      }
      else {
        RAMPZ &= 0xFE;
      }
#endif
      address.word *= 2; // Convert from word address to byte address
    3e3a:	d8 2f       	mov	r29, r24
    3e3c:	cc 0f       	add	r28, r28
    3e3e:	dd 1f       	adc	r29, r29
      verifySpace();
    }
    else if(ch == STK_UNIVERSAL) {
    3e40:	8f c0       	rjmp	.+286    	; 0x3f60 <main+0x1dc>
        getNch(3);
        putch(0x00);
      }
#else
      // UNIVERSAL command is ignored
      getNch(4);
    3e42:	86 35       	cpi	r24, 0x56	; 86
    3e44:	21 f4       	brne	.+8      	; 0x3e4e <main+0xca>
      putch(0x00);
    3e46:	84 e0       	ldi	r24, 0x04	; 4
    3e48:	a9 d0       	rcall	.+338    	; 0x3f9c <getNch>
#endif
    }
    /* Write memory, length is big endian and is in bytes */
    else if(ch == STK_PROG_PAGE) {
    3e4a:	80 e0       	ldi	r24, 0x00	; 0
    3e4c:	e6 cf       	rjmp	.-52     	; 0x3e1a <main+0x96>
      // PROGRAM PAGE - we support flash programming only, not EEPROM
      uint8_t desttype;
      uint8_t *bufPtr;
      pagelen_t savelength;

      GETLENGTH(length);
    3e4e:	84 36       	cpi	r24, 0x64	; 100
    3e50:	09 f0       	breq	.+2      	; 0x3e54 <main+0xd0>
    3e52:	50 c0       	rjmp	.+160    	; 0x3ef4 <main+0x170>
    3e54:	8e d0       	rcall	.+284    	; 0x3f72 <getch>
      savelength = length;
      desttype = getch();
    3e56:	8d d0       	rcall	.+282    	; 0x3f72 <getch>
    3e58:	d8 2e       	mov	r13, r24
    3e5a:	8b d0       	rcall	.+278    	; 0x3f72 <getch>
    3e5c:	88 2e       	mov	r8, r24
    3e5e:	00 e0       	ldi	r16, 0x00	; 0

      // read a page worth of contents
      bufPtr = buff.bptr;
      do *bufPtr++ = getch();
    3e60:	11 e0       	ldi	r17, 0x01	; 1
    3e62:	87 d0       	rcall	.+270    	; 0x3f72 <getch>
    3e64:	f8 01       	movw	r30, r16
    3e66:	81 93       	st	Z+, r24
    3e68:	8f 01       	movw	r16, r30
      while (--length);
    3e6a:	de 12       	cpse	r13, r30
    3e6c:	fa cf       	rjmp	.-12     	; 0x3e62 <main+0xde>

      // Read command terminator, start reply
      verifySpace();
    3e6e:	8e d0       	rcall	.+284    	; 0x3f8c <verifySpace>
    3e70:	20 97       	sbiw	r28, 0x00	; 0
 * WARNING: this works only up to 128KB flash!
 */
#if FLASHEND > (128*1024)
#error "Can't use VIRTUAL_BOOT_PARTITION with more than 128k of Flash"
#endif
      if (address.word == 0) {
    3e72:	69 f4       	brne	.+26     	; 0x3e8e <main+0x10a>
    3e74:	80 91 02 01 	lds	r24, 0x0102	; 0x800102 <_edata+0x2>
    // This is the reset vector page. We need to live-patch the
    // code so the bootloader runs first.
    //
    // Save jmp targets (for "Verify")
    rstVect0_sav = buff.bptr[rstVect0];
    3e78:	80 93 44 01 	sts	0x0144, r24	; 0x800144 <_edata+0x44>
    3e7c:	80 91 03 01 	lds	r24, 0x0103	; 0x800103 <_edata+0x3>
    rstVect1_sav = buff.bptr[rstVect1];
    3e80:	80 93 45 01 	sts	0x0145, r24	; 0x800145 <_edata+0x45>
    3e84:	e0 92 02 01 	sts	0x0102, r14	; 0x800102 <_edata+0x2>


        // Add jump to bootloader at RESET vector
        // WARNING: this works as long as 'main' is in first section
        buff.bptr[rstVect0] = ((uint16_t)main) & 0xFF;
    3e88:	c0 92 03 01 	sts	0x0103, r12	; 0x800103 <_edata+0x3>
        buff.bptr[rstVect1] = ((uint16_t)main) >> 8;
    3e8c:	13 c0       	rjmp	.+38     	; 0x3eb4 <main+0x130>
    3e8e:	c0 36       	cpi	r28, 0x60	; 96
#if (save_vect_num>SPM_PAGESIZE/4)
    } else if (address.word == (SPM_PAGESIZE*(save_vect_num/(SPM_PAGESIZE/4)))) { //allow for any vector
    3e90:	d1 05       	cpc	r29, r1
    3e92:	81 f4       	brne	.+32     	; 0x3eb4 <main+0x130>
    3e94:	80 91 0a 01 	lds	r24, 0x010A	; 0x80010a <_edata+0xa>
        saveVect0_sav = buff.bptr[saveVect0-(SPM_PAGESIZE*(save_vect_num/(SPM_PAGESIZE/4)))];
    3e98:	80 93 46 01 	sts	0x0146, r24	; 0x800146 <_edata+0x46>
    3e9c:	80 91 0b 01 	lds	r24, 0x010B	; 0x80010b <_edata+0xb>
        saveVect1_sav = buff.bptr[saveVect1-(SPM_PAGESIZE*(save_vect_num/(SPM_PAGESIZE/4)))];
    3ea0:	80 93 47 01 	sts	0x0147, r24	; 0x800147 <_edata+0x47>
    3ea4:	80 91 44 01 	lds	r24, 0x0144	; 0x800144 <_edata+0x44>

        // Move RESET jmp target to 'save' vector
        buff.bptr[saveVect0-(SPM_PAGESIZE*(save_vect_num/(SPM_PAGESIZE/4)))] = rstVect0_sav;
    3ea8:	80 93 0a 01 	sts	0x010A, r24	; 0x80010a <_edata+0xa>
    3eac:	80 91 45 01 	lds	r24, 0x0145	; 0x800145 <_edata+0x45>
        buff.bptr[saveVect1-(SPM_PAGESIZE*(save_vect_num/(SPM_PAGESIZE/4)))] = rstVect1_sav;
    3eb0:	80 93 0b 01 	sts	0x010B, r24	; 0x80010b <_edata+0xb>
    3eb4:	f5 e4       	ldi	r31, 0x45	; 69
 * void writebuffer(memtype, buffer, address, length)
 */
static inline void writebuffer(int8_t memtype, addr16_t mybuff,
                   addr16_t address, pagelen_t len)
{
    switch (memtype) {
    3eb6:	8f 12       	cpse	r8, r31
    3eb8:	01 c0       	rjmp	.+2      	; 0x3ebc <main+0x138>
    3eba:	ff cf       	rjmp	.-2      	; 0x3eba <main+0x136>
    3ebc:	8c 2f       	mov	r24, r28
         * used to be code to do this while receiving the data over
         * the serial link, but the performance improvement was slight,
         * and we needed the space back.
         */
#ifdef FOURPAGEERASE
        if ((address.bytes[0] & ((SPM_PAGESIZE<<2)-1))==0) {
    3ebe:	8f 77       	andi	r24, 0x7F	; 127
    3ec0:	fe 01       	movw	r30, r28
#endif
        __boot_page_erase_short(address.word);
    3ec2:	31 f4       	brne	.+12     	; 0x3ed0 <main+0x14c>
         * used to be code to do this while receiving the data over
         * the serial link, but the performance improvement was slight,
         * and we needed the space back.
         */
#ifdef FOURPAGEERASE
        if ((address.bytes[0] & ((SPM_PAGESIZE<<2)-1))==0) {
    3ec4:	97 be       	out	0x37, r9	; 55
#endif
        __boot_page_erase_short(address.word);
    3ec6:	e8 95       	spm
    3ec8:	07 b6       	in	r0, 0x37	; 55
        boot_spm_busy_wait();
    3eca:	00 fc       	sbrc	r0, 0
    3ecc:	fd cf       	rjmp	.-6      	; 0x3ec8 <main+0x144>
    3ece:	fe 01       	movw	r30, r28
    3ed0:	a0 e0       	ldi	r26, 0x00	; 0
         * used to be code to do this while receiving the data over
         * the serial link, but the performance improvement was slight,
         * and we needed the space back.
         */
#ifdef FOURPAGEERASE
        if ((address.bytes[0] & ((SPM_PAGESIZE<<2)-1))==0) {
    3ed2:	b1 e0       	ldi	r27, 0x01	; 1
    3ed4:	8d 91       	ld	r24, X+

        /*
         * Copy data from the buffer into the flash write buffer.
         */
        do {
        __boot_page_fill_short((uint16_t)(void*)addrPtr, *(mybuff.wptr++));
    3ed6:	9d 91       	ld	r25, X+
    3ed8:	0c 01       	movw	r0, r24
    3eda:	b7 be       	out	0x37, r11	; 55
    3edc:	e8 95       	spm
        addrPtr += 2;
        } while (len -= 2);
    3ede:	11 24       	eor	r1, r1

        /*
         * Actually Write the buffer to flash (and wait for it to finish.)
         */
        __boot_page_write_short(address.word);
    3ee0:	32 96       	adiw	r30, 0x02	; 2
    3ee2:	da 12       	cpse	r13, r26
    3ee4:	f7 cf       	rjmp	.-18     	; 0x3ed4 <main+0x150>
        boot_spm_busy_wait();
    3ee6:	fe 01       	movw	r30, r28
    3ee8:	a7 be       	out	0x37, r10	; 55
    3eea:	e8 95       	spm
    3eec:	07 b6       	in	r0, 0x37	; 55
      writebuffer(desttype, buff, address, savelength);


    }
    /* Read memory block mode, length is big endian.  */
    else if(ch == STK_READ_PAGE) {
    3eee:	00 fc       	sbrc	r0, 0
    3ef0:	fd cf       	rjmp	.-6      	; 0x3eec <main+0x168>
      uint8_t desttype;
      GETLENGTH(length);
    3ef2:	37 c0       	rjmp	.+110    	; 0x3f62 <main+0x1de>
    3ef4:	84 37       	cpi	r24, 0x74	; 116
    3ef6:	39 f5       	brne	.+78     	; 0x3f46 <main+0x1c2>
    3ef8:	3c d0       	rcall	.+120    	; 0x3f72 <getch>
    3efa:	3b d0       	rcall	.+118    	; 0x3f72 <getch>

      desttype = getch();
    3efc:	d8 2e       	mov	r13, r24
    3efe:	39 d0       	rcall	.+114    	; 0x3f72 <getch>

      verifySpace();
    3f00:	45 d0       	rcall	.+138    	; 0x3f8c <verifySpace>
    3f02:	8e 01       	movw	r16, r28
    3f04:	02 30       	cpi	r16, 0x02	; 2
#endif
    default:
    do {
#ifdef VIRTUAL_BOOT_PARTITION
        // Undo vector patch in bottom page so verify passes
        if (address.word == rstVect0) ch = rstVect0_sav;
    3f06:	11 05       	cpc	r17, r1
    3f08:	19 f4       	brne	.+6      	; 0x3f10 <main+0x18c>
    3f0a:	80 91 44 01 	lds	r24, 0x0144	; 0x800144 <_edata+0x44>
    3f0e:	14 c0       	rjmp	.+40     	; 0x3f38 <main+0x1b4>
    3f10:	03 30       	cpi	r16, 0x03	; 3
        else if (address.word == rstVect1) ch = rstVect1_sav;
    3f12:	11 05       	cpc	r17, r1
    3f14:	19 f4       	brne	.+6      	; 0x3f1c <main+0x198>
    3f16:	80 91 45 01 	lds	r24, 0x0145	; 0x800145 <_edata+0x45>
    3f1a:	0e c0       	rjmp	.+28     	; 0x3f38 <main+0x1b4>
        else if (address.word == saveVect0) ch = saveVect0_sav;
    3f1c:	0a 36       	cpi	r16, 0x6A	; 106
    3f1e:	11 05       	cpc	r17, r1
    3f20:	19 f4       	brne	.+6      	; 0x3f28 <main+0x1a4>
    3f22:	80 91 46 01 	lds	r24, 0x0146	; 0x800146 <_edata+0x46>
        else if (address.word == saveVect1) ch = saveVect1_sav;
    3f26:	08 c0       	rjmp	.+16     	; 0x3f38 <main+0x1b4>
    3f28:	0b 36       	cpi	r16, 0x6B	; 107
    3f2a:	11 05       	cpc	r17, r1
    3f2c:	19 f4       	brne	.+6      	; 0x3f34 <main+0x1b0>
        else ch = pgm_read_byte_near(address.bptr);
    3f2e:	80 91 47 01 	lds	r24, 0x0147	; 0x800147 <_edata+0x47>
        __asm__ ("elpm %0,Z+\n" : "=r" (ch), "=z" (address.bptr): "1" (address));
#else
        // read a Flash byte and increment the address
        __asm__ ("lpm %0,Z+\n" : "=r" (ch), "=z" (address.bptr): "1" (address));
#endif
        putch(ch);
    3f32:	02 c0       	rjmp	.+4      	; 0x3f38 <main+0x1b4>
    } while (--length);
    3f34:	f8 01       	movw	r30, r16
    3f36:	84 91       	lpm	r24, Z
    3f38:	17 d0       	rcall	.+46     	; 0x3f68 <putch>
    3f3a:	da 94       	dec	r13
    3f3c:	0f 5f       	subi	r16, 0xFF	; 255

      read_mem(desttype, address, length);
    }

    /* Get device signature bytes  */
    else if(ch == STK_READ_SIGN) {
    3f3e:	1f 4f       	sbci	r17, 0xFF	; 255
    3f40:	d1 10       	cpse	r13, r1
      // READ SIGN - return what Avrdude wants to hear
      verifySpace();
    3f42:	e0 cf       	rjmp	.-64     	; 0x3f04 <main+0x180>
    3f44:	0e c0       	rjmp	.+28     	; 0x3f62 <main+0x1de>
      putch(SIGNATURE_0);
    3f46:	85 37       	cpi	r24, 0x75	; 117
    3f48:	39 f4       	brne	.+14     	; 0x3f58 <main+0x1d4>
    3f4a:	20 d0       	rcall	.+64     	; 0x3f8c <verifySpace>
      putch(SIGNATURE_1);
    3f4c:	8e e1       	ldi	r24, 0x1E	; 30
    3f4e:	0c d0       	rcall	.+24     	; 0x3f68 <putch>
    3f50:	84 e9       	ldi	r24, 0x94	; 148
      putch(SIGNATURE_2);
    3f52:	0a d0       	rcall	.+20     	; 0x3f68 <putch>
    3f54:	82 e1       	ldi	r24, 0x12	; 18
    }
    else if (ch == STK_LEAVE_PROGMODE) { /* 'Q' */
    3f56:	61 cf       	rjmp	.-318    	; 0x3e1a <main+0x96>
    3f58:	81 35       	cpi	r24, 0x51	; 81
      // Adaboot no-wait mod
      watchdogConfig(WATCHDOG_16MS);
    3f5a:	11 f4       	brne	.+4      	; 0x3f60 <main+0x1dc>
    3f5c:	88 e0       	ldi	r24, 0x08	; 8
    3f5e:	12 d0       	rcall	.+36     	; 0x3f84 <watchdogConfig>
      verifySpace();
    }
    else {
      // This covers the response to commands like STK_ENTER_PROGMODE
      verifySpace();
    3f60:	15 d0       	rcall	.+42     	; 0x3f8c <verifySpace>
    3f62:	80 e1       	ldi	r24, 0x10	; 16
    }
    putch(STK_OK);
    3f64:	01 d0       	rcall	.+2      	; 0x3f68 <putch>
    3f66:	4c cf       	rjmp	.-360    	; 0x3e00 <main+0x7c>

00003f68 <putch>:
    3f68:	06 b4       	in	r0, 0x26	; 38
  }
    3f6a:	05 fe       	sbrs	r0, 5
      RS485_PORT |= _BV(RS485);
      #else
      RS485_PORT &= ~_BV(RS485);
      #endif
    #else //not RS485
      while (!(UART_SRA & _BV(UDRE0))) {  /* Spin */ }
    3f6c:	fd cf       	rjmp	.-6      	; 0x3f68 <putch>
        UART_UDR = ch;
    3f6e:	80 bd       	out	0x20, r24	; 32
    3f70:	08 95       	ret

00003f72 <getch>:
    :
      "r25"
);
#else
#ifndef LIN_UART
  while(!(UART_SRA & _BV(RXC0)))  {  /* Spin */ }
    3f72:	06 b4       	in	r0, 0x26	; 38
    3f74:	07 fe       	sbrs	r0, 7
    3f76:	fd cf       	rjmp	.-6      	; 0x3f72 <getch>
  if (!(UART_SRA & _BV(FE0))) {
    3f78:	06 b4       	in	r0, 0x26	; 38
    3f7a:	04 fc       	sbrc	r0, 4
    3f7c:	01 c0       	rjmp	.+2      	; 0x3f80 <getch+0xe>
}
#endif

// Watchdog functions. These are only safe with interrupts turned off.
void watchdogReset() {
  __asm__ __volatile__ (
    3f7e:	a8 95       	wdr
       * don't care that an invalid char is returned...)
       */
    watchdogReset();
  }

  ch = UART_UDR;
    3f80:	80 b5       	in	r24, 0x20	; 32
  LED_PIN |= _BV(LED);
#endif
#endif

  return ch;
}
    3f82:	08 95       	ret

00003f84 <watchdogConfig>:
  WDTCSR = _BV(WDCE) | _BV(WDE);
 #else
  WDTCR= _BV(WDCE) | _BV(WDE);
 #endif
#else //then it must be one of those newfangled ones that use CCP
  CCP=0xD8; //so write this magic number to CCP
    3f84:	98 ed       	ldi	r25, 0xD8	; 216
    3f86:	9f bd       	out	0x2f, r25	; 47
#endif

#ifdef WDTCSR
  WDTCSR = x;
    3f88:	80 bf       	out	0x30, r24	; 48
    3f8a:	08 95       	ret

00003f8c <verifySpace>:
  do getch(); while (--count);
  verifySpace();
}

void verifySpace() {
  if (getch() != CRC_EOP) {
    3f8c:	f2 df       	rcall	.-28     	; 0x3f72 <getch>
    3f8e:	80 32       	cpi	r24, 0x20	; 32
    3f90:	19 f0       	breq	.+6      	; 0x3f98 <verifySpace+0xc>
    watchdogConfig(WATCHDOG_16MS);    // shorten WD timeout
    3f92:	88 e0       	ldi	r24, 0x08	; 8
    3f94:	f7 df       	rcall	.-18     	; 0x3f84 <watchdogConfig>
    3f96:	ff cf       	rjmp	.-2      	; 0x3f96 <verifySpace+0xa>
    while (1)                  // and busy-loop so that WD causes
      ;                      //  a reset and app start.
  }
  putch(STK_INSYNC);
    3f98:	84 e1       	ldi	r24, 0x14	; 20
    3f9a:	e6 cf       	rjmp	.-52     	; 0x3f68 <putch>

00003f9c <getNch>:
    ::[count] "M" (UART_B_VALUE)
  );
}
#endif

void getNch(uint8_t count) {
    3f9c:	cf 93       	push	r28
    3f9e:	c8 2f       	mov	r28, r24
  do getch(); while (--count);
    3fa0:	e8 df       	rcall	.-48     	; 0x3f72 <getch>
    3fa2:	c1 50       	subi	r28, 0x01	; 1
    3fa4:	e9 f7       	brne	.-6      	; 0x3fa0 <getNch+0x4>
  verifySpace();
}
    3fa6:	cf 91       	pop	r28
}
#endif

void getNch(uint8_t count) {
  do getch(); while (--count);
  verifySpace();
    3fa8:	f1 cf       	rjmp	.-30     	; 0x3f8c <verifySpace>

00003faa <do_spm>:
    3faa:	fc 01       	movw	r30, r24
 *   data=0 in WRITE
 */
static void do_spm(uint16_t address, uint8_t command, uint16_t data)  __attribute__ ((used));
static void do_spm(uint16_t address, uint8_t command, uint16_t data) {
    // Do spm stuff
    asm volatile (
    3fac:	0a 01       	movw	r0, r20
    3fae:	67 bf       	out	0x37, r22	; 55
    3fb0:	e8 95       	spm
    3fb2:	11 24       	eor	r1, r1
    3fb4:	07 b6       	in	r0, 0x37	; 55
    );

    // wait for spm to complete
    //   it doesn't have much sense for __BOOT_PAGE_FILL,
    //   but it doesn't hurt and saves some bytes on 'if'
    boot_spm_busy_wait();
    3fb6:	00 fc       	sbrc	r0, 0
    3fb8:	fd cf       	rjmp	.-6      	; 0x3fb4 <do_spm+0xa>
    3fba:	08 95       	ret
