
optiboot_attiny85.elf:     file format elf32-avr

Sections:
Idx Name          Size      VMA       LMA       File off  Algn
  0 .text         0000022e  00001dc0  00001dc0  00000094  2**1
                  CONTENTS, ALLOC, LOAD, READONLY, CODE
  1 .version      00000002  00001ffe  00001ffe  000002c2  2**0
                  CONTENTS, ALLOC, LOAD, READONLY, DATA
  2 .data         00000000  00800060  00001fee  000002c2  2**0
                  CONTENTS, ALLOC, LOAD, DATA
  3 .comment      00000011  00000000  00000000  000002c4  2**0
                  CONTENTS, READONLY
  4 .debug_aranges 00000030  00000000  00000000  000002d5  2**0
                  CONTENTS, READONLY, DEBUGGING
  5 .debug_info   0000061b  00000000  00000000  00000305  2**0
                  CONTENTS, READONLY, DEBUGGING
  6 .debug_abbrev 000002de  00000000  00000000  00000920  2**0
                  CONTENTS, READONLY, DEBUGGING
  7 .debug_line   0000034b  00000000  00000000  00000bfe  2**0
                  CONTENTS, READONLY, DEBUGGING
  8 .debug_frame  000000ac  00000000  00000000  00000f4c  2**2
                  CONTENTS, READONLY, DEBUGGING
  9 .debug_str    00000214  00000000  00000000  00000ff8  2**0
                  CONTENTS, READONLY, DEBUGGING
 10 .debug_loc    00000346  00000000  00000000  0000120c  2**0
                  CONTENTS, READONLY, DEBUGGING
 11 .debug_ranges 00000080  00000000  00000000  00001552  2**0
                  CONTENTS, READONLY, DEBUGGING

Disassembly of section .text:

00001dc0 <pre_main>:
/* everything that needs to run VERY early */
void pre_main(void) {
  // Allow convenient way of calling do_spm function - jump table,
  //   so entry to this function will always be here, independent of compilation,
  //   features etc
  asm volatile (
    1dc0:	01 c0       	rjmp	.+2      	; 0x1dc4 <main>
    1dc2:	0c c1       	rjmp	.+536    	; 0x1fdc <do_spm>

00001dc4 <main>:
  //  SP points to RAMEND
  //  r1 contains zero
  //
  // If not, uncomment the following instructions:
  // cli();
  asm volatile ("clr __zero_reg__");
    1dc4:	11 24       	eor	r1, r1
   *
   * Code by MarkG55
   * see discussion in https://github.com/Optiboot/optiboot/issues/97
   */

  ch = MCUSTATUSREG;
    1dc6:	84 b7       	in	r24, 0x34	; 52

  // Skip all logic and run bootloader if MCUSR is cleared (application request)
  if (ch != 0) {
    1dc8:	88 23       	and	r24, r24
    1dca:	79 f0       	breq	.+30     	; 0x1dea <main+0x26>
     * an external reset - only useful in combination with above,
     * for some unusual use cases.
     *
     */
#if (!(defined(START_APP_ON_EXTR)||defined(NO_START_APP_ON_POR))) //normal behavior
    if ((ch & (_BV(WDRF) | _BV(EXTRF))) != _BV(EXTRF)) {                      // Run app if EXTRF not set, or WDRF and EXTRF set
    1dcc:	98 2f       	mov	r25, r24
    1dce:	9a 70       	andi	r25, 0x0A	; 10
    1dd0:	92 30       	cpi	r25, 0x02	; 2
    1dd2:	59 f0       	breq	.+22     	; 0x1dea <main+0x26>
      if (ch & _BV(EXTRF)) {                                                  // Both WDRF and EXTRF are set
    1dd4:	81 ff       	sbrs	r24, 1
    1dd6:	03 c0       	rjmp	.+6      	; 0x1dde <main+0x1a>
         * Clear WDRF because it was most probably set by wdr in bootloader.
         * It's also needed to avoid loop by broken application which could
         * prevent entering bootloader.
         * '&= allows CBI to be used, saves flash
         */
        MCUSTATUSREG &= ~(_BV(WDRF));
    1dd8:	94 b7       	in	r25, 0x34	; 52
    1dda:	97 7f       	andi	r25, 0xF7	; 247
    1ddc:	94 bf       	out	0x34, r25	; 52
      /*
       * save the reset flags in the designated register
       * This can be saved in a main program by putting code in .init0 (which
       * executes before normal c init code) to save R2 to a global variable.
       */
      __asm__ __volatile__ ("mov r2, %0\n" :: "r" (ch));
    1dde:	28 2e       	mov	r2, r24

      // switch off watchdog
      watchdogConfig(WATCHDOG_OFF);
    1de0:	80 e0       	ldi	r24, 0x00	; 0
    1de2:	e9 d0       	rcall	.+466    	; 0x1fb6 <watchdogConfig>
      // Note that appstart_vec is defined so that this works with either
      // real or virtual boot partitions.
       __asm__ __volatile__ (
    1de4:	e6 e0       	ldi	r30, 0x06	; 6
    1de6:	ff 27       	eor	r31, r31
    1de8:	09 94       	ijmp
  RS485_PORT &= ~_BV(RS485);
  #endif
#endif

  // Set up watchdog to trigger after 1s
  watchdogConfig(WDTPERIOD);
    1dea:	8e e0       	ldi	r24, 0x0E	; 14
    1dec:	e4 d0       	rcall	.+456    	; 0x1fb6 <watchdogConfig>
  LED_DDR |= _BV(LED);
#endif

#ifdef SOFT_UART
  /* Set TX pin as output */
  UART_DDR |= _BV(UART_TX_BIT);
    1dee:	b8 9a       	sbi	0x17, 0	; 23
         * and we needed the space back.
         */
#ifdef FOURPAGEERASE
        if ((address.bytes[0] & ((SPM_PAGESIZE<<2)-1))==0) {
#endif
        __boot_page_erase_short(address.word);
    1df0:	93 e0       	ldi	r25, 0x03	; 3
    1df2:	d9 2e       	mov	r13, r25

        /*
         * Copy data from the buffer into the flash write buffer.
         */
        do {
        __boot_page_fill_short((uint16_t)(void*)addrPtr, *(mybuff.wptr++));
    1df4:	cc 24       	eor	r12, r12
    1df6:	c3 94       	inc	r12
        } while (len -= 2);

        /*
         * Actually Write the buffer to flash (and wait for it to finish.)
         */
        __boot_page_write_short(address.word);
    1df8:	25 e0       	ldi	r18, 0x05	; 5
    1dfa:	b2 2e       	mov	r11, r18
        // Move RESET vector to 'save' vector
    // Save jmp targets (for "Verify")
    rstVect0_sav = buff.bptr[rstVect0];
    rstVect1_sav = buff.bptr[rstVect1];
    addr16_t vect;
    vect.word = ((uint16_t)main);
    1dfc:	32 ee       	ldi	r19, 0xE2	; 226
    1dfe:	e3 2e       	mov	r14, r19
    1e00:	3e e0       	ldi	r19, 0x0E	; 14
    1e02:	f3 2e       	mov	r15, r19
    buff.bptr[0] = vect.bytes[0]; // rjmp to start of bootloader
    buff.bptr[1] = vect.bytes[1] | 0xC0;  // make an "rjmp"
    1e04:	8f 2d       	mov	r24, r15
    1e06:	80 6c       	ori	r24, 0xC0	; 192
    1e08:	a8 2e       	mov	r10, r24
#endif

  /* Forever loop: exits by causing WDT reset */
  for (;;) {
    /* get character from UART */
    ch = getch();
    1e0a:	c1 d0       	rcall	.+386    	; 0x1f8e <getch>

    if(ch == STK_GET_PARAMETER) {
    1e0c:	81 34       	cpi	r24, 0x41	; 65
    1e0e:	61 f4       	brne	.+24     	; 0x1e28 <main+0x64>
      unsigned char which = getch();
    1e10:	be d0       	rcall	.+380    	; 0x1f8e <getch>
    1e12:	18 2f       	mov	r17, r24
      verifySpace();
    1e14:	d4 d0       	rcall	.+424    	; 0x1fbe <verifySpace>
      /*
       * Send optiboot version as "SW version"
       * Note that the references to memory are optimized away.
       */
      if (which == STK_SW_MINOR) {
    1e16:	12 38       	cpi	r17, 0x82	; 130
    1e18:	e9 f0       	breq	.+58     	; 0x1e54 <main+0x90>
      putch(optiboot_version & 0xFF);
      } else if (which == STK_SW_MAJOR) {
    1e1a:	11 38       	cpi	r17, 0x81	; 129
    1e1c:	11 f4       	brne	.+4      	; 0x1e22 <main+0x5e>
      putch(optiboot_version >> 8);
    1e1e:	8b e3       	ldi	r24, 0x3B	; 59
    1e20:	01 c0       	rjmp	.+2      	; 0x1e24 <main+0x60>
      } else {
    /*
     * GET PARAMETER returns a generic 0x03 reply for
         * other parameters - enough to keep Avrdude happy
     */
    putch(0x03);
    1e22:	83 e0       	ldi	r24, 0x03	; 3
    1e24:	a5 d0       	rcall	.+330    	; 0x1f70 <putch>
    1e26:	a1 c0       	rjmp	.+322    	; 0x1f6a <main+0x1a6>
      }
    }
    else if(ch == STK_SET_DEVICE) {
    1e28:	82 34       	cpi	r24, 0x42	; 66
    1e2a:	11 f4       	brne	.+4      	; 0x1e30 <main+0x6c>
      // SET DEVICE is ignored
      getNch(20);
    1e2c:	84 e1       	ldi	r24, 0x14	; 20
    1e2e:	03 c0       	rjmp	.+6      	; 0x1e36 <main+0x72>
    }
    else if(ch == STK_SET_DEVICE_EXT) {
    1e30:	85 34       	cpi	r24, 0x45	; 69
    1e32:	19 f4       	brne	.+6      	; 0x1e3a <main+0x76>
      // SET DEVICE EXT is ignored
      getNch(5);
    1e34:	85 e0       	ldi	r24, 0x05	; 5
    1e36:	cb d0       	rcall	.+406    	; 0x1fce <getNch>
    1e38:	98 c0       	rjmp	.+304    	; 0x1f6a <main+0x1a6>
    }
    else if(ch == STK_LOAD_ADDRESS) {
    1e3a:	85 35       	cpi	r24, 0x55	; 85
    1e3c:	39 f4       	brne	.+14     	; 0x1e4c <main+0x88>
      // LOAD ADDRESS
      address.bytes[0] = getch();
    1e3e:	a7 d0       	rcall	.+334    	; 0x1f8e <getch>
    1e40:	c8 2f       	mov	r28, r24
      address.bytes[1] = getch();
    1e42:	a5 d0       	rcall	.+330    	; 0x1f8e <getch>
    1e44:	d8 2f       	mov	r29, r24
      }
      else {
        RAMPZ &= 0xFE;
      }
#endif
      address.word *= 2; // Convert from word address to byte address
    1e46:	cc 0f       	add	r28, r28
    1e48:	dd 1f       	adc	r29, r29
    1e4a:	8e c0       	rjmp	.+284    	; 0x1f68 <main+0x1a4>
      verifySpace();
    }
    else if(ch == STK_UNIVERSAL) {
    1e4c:	86 35       	cpi	r24, 0x56	; 86
    1e4e:	21 f4       	brne	.+8      	; 0x1e58 <main+0x94>
        getNch(3);
        putch(0x00);
      }
#else
      // UNIVERSAL command is ignored
      getNch(4);
    1e50:	84 e0       	ldi	r24, 0x04	; 4
    1e52:	bd d0       	rcall	.+378    	; 0x1fce <getNch>
      putch(0x00);
    1e54:	80 e0       	ldi	r24, 0x00	; 0
    1e56:	e6 cf       	rjmp	.-52     	; 0x1e24 <main+0x60>
#endif
    }
    /* Write memory, length is big endian and is in bytes */
    else if(ch == STK_PROG_PAGE) {
    1e58:	84 36       	cpi	r24, 0x64	; 100
    1e5a:	09 f0       	breq	.+2      	; 0x1e5e <main+0x9a>
    1e5c:	4f c0       	rjmp	.+158    	; 0x1efc <main+0x138>
      // PROGRAM PAGE - we support flash programming only, not EEPROM
      uint8_t desttype;
      uint8_t *bufPtr;
      pagelen_t savelength;

      GETLENGTH(length);
    1e5e:	97 d0       	rcall	.+302    	; 0x1f8e <getch>
    1e60:	96 d0       	rcall	.+300    	; 0x1f8e <getch>
    1e62:	98 2e       	mov	r9, r24
      savelength = length;
      desttype = getch();
    1e64:	94 d0       	rcall	.+296    	; 0x1f8e <getch>
    1e66:	88 2e       	mov	r8, r24
      // PROGRAM PAGE - we support flash programming only, not EEPROM
      uint8_t desttype;
      uint8_t *bufPtr;
      pagelen_t savelength;

      GETLENGTH(length);
    1e68:	79 2c       	mov	r7, r9
      savelength = length;
      desttype = getch();
    1e6a:	00 e6       	ldi	r16, 0x60	; 96
    1e6c:	10 e0       	ldi	r17, 0x00	; 0

      // read a page worth of contents
      bufPtr = buff.bptr;
      do *bufPtr++ = getch();
    1e6e:	8f d0       	rcall	.+286    	; 0x1f8e <getch>
    1e70:	f8 01       	movw	r30, r16
    1e72:	81 93       	st	Z+, r24
    1e74:	8f 01       	movw	r16, r30
      while (--length);
    1e76:	7a 94       	dec	r7
    1e78:	71 10       	cpse	r7, r1
    1e7a:	f9 cf       	rjmp	.-14     	; 0x1e6e <main+0xaa>

      // Read command terminator, start reply
      verifySpace();
    1e7c:	a0 d0       	rcall	.+320    	; 0x1fbe <verifySpace>

#else
/*
 * AVR with 2-byte ISR Vectors and rjmp
 */
      if (address.word == rstVect0) {
    1e7e:	20 97       	sbiw	r28, 0x00	; 0
    1e80:	f1 f4       	brne	.+60     	; 0x1ebe <main+0xfa>
        // This is the reset vector page. We need to live-patch
        // the code so the bootloader runs first.
        //
        // Move RESET vector to 'save' vector
    // Save jmp targets (for "Verify")
    rstVect0_sav = buff.bptr[rstVect0];
    1e82:	30 91 60 00 	lds	r19, 0x0060	; 0x800060 <_edata>
    1e86:	30 93 e4 00 	sts	0x00E4, r19	; 0x8000e4 <_edata+0x84>
    rstVect1_sav = buff.bptr[rstVect1];
    1e8a:	20 91 61 00 	lds	r18, 0x0061	; 0x800061 <_edata+0x1>
    1e8e:	20 93 e5 00 	sts	0x00E5, r18	; 0x8000e5 <_edata+0x85>
    addr16_t vect;
    vect.word = ((uint16_t)main);
    buff.bptr[0] = vect.bytes[0]; // rjmp to start of bootloader
    buff.bptr[1] = vect.bytes[1] | 0xC0;  // make an "rjmp"
    1e92:	a0 92 61 00 	sts	0x0061, r10	; 0x800061 <_edata+0x1>
        buff.bptr[saveVect0-(SPM_PAGESIZE*(save_vect_num/(SPM_PAGESIZE/2)))] = vect.bytes[0];
        buff.bptr[saveVect1-(SPM_PAGESIZE*(save_vect_num/(SPM_PAGESIZE/2)))] = (vect.bytes[1] & 0x0F)| 0xC0;  // make an "rjmp"
      }
#else

        saveVect0_sav = buff.bptr[saveVect0];
    1e96:	40 91 6c 00 	lds	r20, 0x006C	; 0x80006c <_edata+0xc>
    1e9a:	40 93 e6 00 	sts	0x00E6, r20	; 0x8000e6 <_edata+0x86>
        saveVect1_sav = buff.bptr[saveVect1];
    1e9e:	40 91 6d 00 	lds	r20, 0x006D	; 0x80006d <_edata+0xd>
    1ea2:	40 93 e7 00 	sts	0x00E7, r20	; 0x8000e7 <_edata+0x87>
        vect.bytes[0] = rstVect0_sav;
    1ea6:	83 2f       	mov	r24, r19
        vect.bytes[1] = rstVect1_sav;
    1ea8:	92 2f       	mov	r25, r18
        vect.word = (vect.word-save_vect_num); //subtract 'save' interrupt position
    1eaa:	06 97       	sbiw	r24, 0x06	; 6
        // Move RESET jmp target to 'save' vector
        buff.bptr[saveVect0] = vect.bytes[0];
    1eac:	80 93 6c 00 	sts	0x006C, r24	; 0x80006c <_edata+0xc>
        buff.bptr[saveVect1] = (vect.bytes[1] & 0x0F)| 0xC0;  // make an "rjmp"
    1eb0:	89 2f       	mov	r24, r25
    1eb2:	8f 70       	andi	r24, 0x0F	; 15
    1eb4:	80 6c       	ori	r24, 0xC0	; 192
    1eb6:	80 93 6d 00 	sts	0x006D, r24	; 0x80006d <_edata+0xd>
        // Add rjump to bootloader at RESET vector
        vect.word = ((uint16_t)main); // (main) is always <= 0x0FFF; no masking needed.
        buff.bptr[0] = vect.bytes[0]; // rjmp 0x1c00 instruction
    1eba:	e0 92 60 00 	sts	0x0060, r14	; 0x800060 <_edata>
 * void writebuffer(memtype, buffer, address, length)
 */
static inline void writebuffer(int8_t memtype, addr16_t mybuff,
                   addr16_t address, pagelen_t len)
{
    switch (memtype) {
    1ebe:	f5 e4       	ldi	r31, 0x45	; 69
    1ec0:	8f 12       	cpse	r8, r31
    1ec2:	01 c0       	rjmp	.+2      	; 0x1ec6 <main+0x102>
    1ec4:	ff cf       	rjmp	.-2      	; 0x1ec4 <main+0x100>
         * and we needed the space back.
         */
#ifdef FOURPAGEERASE
        if ((address.bytes[0] & ((SPM_PAGESIZE<<2)-1))==0) {
#endif
        __boot_page_erase_short(address.word);
    1ec6:	fe 01       	movw	r30, r28
    1ec8:	d7 be       	out	0x37, r13	; 55
    1eca:	e8 95       	spm
        boot_spm_busy_wait();
    1ecc:	07 b6       	in	r0, 0x37	; 55
    1ece:	00 fc       	sbrc	r0, 0
    1ed0:	fd cf       	rjmp	.-6      	; 0x1ecc <main+0x108>
    1ed2:	a0 e6       	ldi	r26, 0x60	; 96
    1ed4:	b0 e0       	ldi	r27, 0x00	; 0
    1ed6:	fe 01       	movw	r30, r28

        /*
         * Copy data from the buffer into the flash write buffer.
         */
        do {
        __boot_page_fill_short((uint16_t)(void*)addrPtr, *(mybuff.wptr++));
    1ed8:	8d 91       	ld	r24, X+
    1eda:	9d 91       	ld	r25, X+
    1edc:	0c 01       	movw	r0, r24
    1ede:	c7 be       	out	0x37, r12	; 55
    1ee0:	e8 95       	spm
    1ee2:	11 24       	eor	r1, r1
        addrPtr += 2;
        } while (len -= 2);
    1ee4:	9a 94       	dec	r9
    1ee6:	9a 94       	dec	r9
    1ee8:	32 96       	adiw	r30, 0x02	; 2
    1eea:	91 10       	cpse	r9, r1
    1eec:	f5 cf       	rjmp	.-22     	; 0x1ed8 <main+0x114>

        /*
         * Actually Write the buffer to flash (and wait for it to finish.)
         */
        __boot_page_write_short(address.word);
    1eee:	fe 01       	movw	r30, r28
    1ef0:	b7 be       	out	0x37, r11	; 55
    1ef2:	e8 95       	spm
        boot_spm_busy_wait();
    1ef4:	07 b6       	in	r0, 0x37	; 55
    1ef6:	00 fc       	sbrc	r0, 0
    1ef8:	fd cf       	rjmp	.-6      	; 0x1ef4 <main+0x130>
    1efa:	37 c0       	rjmp	.+110    	; 0x1f6a <main+0x1a6>
      writebuffer(desttype, buff, address, savelength);


    }
    /* Read memory block mode, length is big endian.  */
    else if(ch == STK_READ_PAGE) {
    1efc:	84 37       	cpi	r24, 0x74	; 116
    1efe:	39 f5       	brne	.+78     	; 0x1f4e <main+0x18a>
      uint8_t desttype;
      GETLENGTH(length);
    1f00:	46 d0       	rcall	.+140    	; 0x1f8e <getch>
    1f02:	45 d0       	rcall	.+138    	; 0x1f8e <getch>
    1f04:	98 2e       	mov	r9, r24

      desttype = getch();
    1f06:	43 d0       	rcall	.+134    	; 0x1f8e <getch>

      verifySpace();
    1f08:	5a d0       	rcall	.+180    	; 0x1fbe <verifySpace>
    1f0a:	8e 01       	movw	r16, r28
#endif
    default:
    do {
#ifdef VIRTUAL_BOOT_PARTITION
        // Undo vector patch in bottom page so verify passes
        if (address.word == rstVect0) ch = rstVect0_sav;
    1f0c:	01 15       	cp	r16, r1
    1f0e:	11 05       	cpc	r17, r1
    1f10:	19 f4       	brne	.+6      	; 0x1f18 <main+0x154>
    1f12:	80 91 e4 00 	lds	r24, 0x00E4	; 0x8000e4 <_edata+0x84>
    1f16:	14 c0       	rjmp	.+40     	; 0x1f40 <main+0x17c>
        else if (address.word == rstVect1) ch = rstVect1_sav;
    1f18:	01 30       	cpi	r16, 0x01	; 1
    1f1a:	11 05       	cpc	r17, r1
    1f1c:	19 f4       	brne	.+6      	; 0x1f24 <main+0x160>
    1f1e:	80 91 e5 00 	lds	r24, 0x00E5	; 0x8000e5 <_edata+0x85>
    1f22:	0e c0       	rjmp	.+28     	; 0x1f40 <main+0x17c>
        else if (address.word == saveVect0) ch = saveVect0_sav;
    1f24:	0c 30       	cpi	r16, 0x0C	; 12
    1f26:	11 05       	cpc	r17, r1
    1f28:	19 f4       	brne	.+6      	; 0x1f30 <main+0x16c>
    1f2a:	80 91 e6 00 	lds	r24, 0x00E6	; 0x8000e6 <_edata+0x86>
    1f2e:	08 c0       	rjmp	.+16     	; 0x1f40 <main+0x17c>
        else if (address.word == saveVect1) ch = saveVect1_sav;
    1f30:	0d 30       	cpi	r16, 0x0D	; 13
    1f32:	11 05       	cpc	r17, r1
    1f34:	19 f4       	brne	.+6      	; 0x1f3c <main+0x178>
    1f36:	80 91 e7 00 	lds	r24, 0x00E7	; 0x8000e7 <_edata+0x87>
    1f3a:	02 c0       	rjmp	.+4      	; 0x1f40 <main+0x17c>
        else ch = pgm_read_byte_near(address.bptr);
    1f3c:	f8 01       	movw	r30, r16
    1f3e:	84 91       	lpm	r24, Z
        __asm__ ("elpm %0,Z+\n" : "=r" (ch), "=z" (address.bptr): "1" (address));
#else
        // read a Flash byte and increment the address
        __asm__ ("lpm %0,Z+\n" : "=r" (ch), "=z" (address.bptr): "1" (address));
#endif
        putch(ch);
    1f40:	17 d0       	rcall	.+46     	; 0x1f70 <putch>
    } while (--length);
    1f42:	9a 94       	dec	r9
    1f44:	0f 5f       	subi	r16, 0xFF	; 255
    1f46:	1f 4f       	sbci	r17, 0xFF	; 255
    1f48:	91 10       	cpse	r9, r1
    1f4a:	e0 cf       	rjmp	.-64     	; 0x1f0c <main+0x148>
    1f4c:	0e c0       	rjmp	.+28     	; 0x1f6a <main+0x1a6>

      read_mem(desttype, address, length);
    }

    /* Get device signature bytes  */
    else if(ch == STK_READ_SIGN) {
    1f4e:	85 37       	cpi	r24, 0x75	; 117
    1f50:	39 f4       	brne	.+14     	; 0x1f60 <main+0x19c>
      // READ SIGN - return what Avrdude wants to hear
      verifySpace();
    1f52:	35 d0       	rcall	.+106    	; 0x1fbe <verifySpace>
      putch(SIGNATURE_0);
    1f54:	8e e1       	ldi	r24, 0x1E	; 30
    1f56:	0c d0       	rcall	.+24     	; 0x1f70 <putch>
      putch(SIGNATURE_1);
    1f58:	83 e9       	ldi	r24, 0x93	; 147
    1f5a:	0a d0       	rcall	.+20     	; 0x1f70 <putch>
      putch(SIGNATURE_2);
    1f5c:	8b e0       	ldi	r24, 0x0B	; 11
    1f5e:	62 cf       	rjmp	.-316    	; 0x1e24 <main+0x60>
    }
    else if (ch == STK_LEAVE_PROGMODE) { /* 'Q' */
    1f60:	81 35       	cpi	r24, 0x51	; 81
    1f62:	11 f4       	brne	.+4      	; 0x1f68 <main+0x1a4>
      // Adaboot no-wait mod
      watchdogConfig(WATCHDOG_16MS);
    1f64:	88 e0       	ldi	r24, 0x08	; 8
    1f66:	27 d0       	rcall	.+78     	; 0x1fb6 <watchdogConfig>
      verifySpace();
    }
    else {
      // This covers the response to commands like STK_ENTER_PROGMODE
      verifySpace();
    1f68:	2a d0       	rcall	.+84     	; 0x1fbe <verifySpace>
    }
    putch(STK_OK);
    1f6a:	80 e1       	ldi	r24, 0x10	; 16
    1f6c:	01 d0       	rcall	.+2      	; 0x1f70 <putch>
  }
    1f6e:	4d cf       	rjmp	.-358    	; 0x1e0a <main+0x46>

00001f70 <putch>:
  RS485_PORT &= ~_BV(RS485);
  #else
  RS485_PORT |= _BV(RS485);
  #endif
#endif
  __asm__ __volatile__ (
    1f70:	2a e0       	ldi	r18, 0x0A	; 10
    1f72:	30 e0       	ldi	r19, 0x00	; 0
    1f74:	80 95       	com	r24
    1f76:	08 94       	sec
    1f78:	10 f4       	brcc	.+4      	; 0x1f7e <putch+0xe>
    1f7a:	c0 98       	cbi	0x18, 0	; 24
    1f7c:	02 c0       	rjmp	.+4      	; 0x1f82 <putch+0x12>
    1f7e:	c0 9a       	sbi	0x18, 0	; 24
    1f80:	00 00       	nop
    1f82:	15 d0       	rcall	.+42     	; 0x1fae <uartDelay>
    1f84:	14 d0       	rcall	.+40     	; 0x1fae <uartDelay>
    1f86:	86 95       	lsr	r24
    1f88:	2a 95       	dec	r18
    1f8a:	b1 f7       	brne	.-20     	; 0x1f78 <putch+0x8>
    1f8c:	08 95       	ret

00001f8e <getch>:
}
#endif

// Watchdog functions. These are only safe with interrupts turned off.
void watchdogReset() {
  __asm__ __volatile__ (
    1f8e:	a8 95       	wdr
#endif
#endif

#ifdef SOFT_UART
    watchdogReset();
  __asm__ __volatile__ (
    1f90:	29 e0       	ldi	r18, 0x09	; 9
    1f92:	30 e0       	ldi	r19, 0x00	; 0
    1f94:	b1 99       	sbic	0x16, 1	; 22
    1f96:	fe cf       	rjmp	.-4      	; 0x1f94 <getch+0x6>
    1f98:	0a d0       	rcall	.+20     	; 0x1fae <uartDelay>
    1f9a:	09 d0       	rcall	.+18     	; 0x1fae <uartDelay>
    1f9c:	08 d0       	rcall	.+16     	; 0x1fae <uartDelay>
    1f9e:	88 94       	clc
    1fa0:	b1 99       	sbic	0x16, 1	; 22
    1fa2:	08 94       	sec
    1fa4:	2a 95       	dec	r18
    1fa6:	11 f0       	breq	.+4      	; 0x1fac <getch+0x1e>
    1fa8:	87 95       	ror	r24
    1faa:	f7 cf       	rjmp	.-18     	; 0x1f9a <getch+0xc>
  LED_PIN |= _BV(LED);
#endif
#endif

  return ch;
}
    1fac:	08 95       	ret

00001fae <uartDelay>:
#error Baud rate too high for soft UART
#endif


void uartDelay() {
  __asm__ __volatile__ (
    1fae:	97 e2       	ldi	r25, 0x27	; 39
    1fb0:	9a 95       	dec	r25
    1fb2:	f1 f7       	brne	.-4      	; 0x1fb0 <uartDelay+0x2>
    1fb4:	08 95       	ret

00001fb6 <watchdogConfig>:
void watchdogConfig(uint8_t x) {
#ifdef WDCE //does it have a Watchdog Change Enable?
 #ifdef WDTCSR
  WDTCSR = _BV(WDCE) | _BV(WDE);
 #else
  WDTCR= _BV(WDCE) | _BV(WDE);
    1fb6:	98 e1       	ldi	r25, 0x18	; 24
    1fb8:	91 bd       	out	0x21, r25	; 33
#endif

#ifdef WDTCSR
  WDTCSR = x;
#else
  WDTCR= x;
    1fba:	81 bd       	out	0x21, r24	; 33
    1fbc:	08 95       	ret

00001fbe <verifySpace>:
  do getch(); while (--count);
  verifySpace();
}

void verifySpace() {
  if (getch() != CRC_EOP) {
    1fbe:	e7 df       	rcall	.-50     	; 0x1f8e <getch>
    1fc0:	80 32       	cpi	r24, 0x20	; 32
    1fc2:	19 f0       	breq	.+6      	; 0x1fca <verifySpace+0xc>
    watchdogConfig(WATCHDOG_16MS);    // shorten WD timeout
    1fc4:	88 e0       	ldi	r24, 0x08	; 8
    1fc6:	f7 df       	rcall	.-18     	; 0x1fb6 <watchdogConfig>
    1fc8:	ff cf       	rjmp	.-2      	; 0x1fc8 <verifySpace+0xa>
    while (1)                  // and busy-loop so that WD causes
      ;                      //  a reset and app start.
  }
  putch(STK_INSYNC);
    1fca:	84 e1       	ldi	r24, 0x14	; 20
    1fcc:	d1 cf       	rjmp	.-94     	; 0x1f70 <putch>

00001fce <getNch>:
    ::[count] "M" (UART_B_VALUE)
  );
}
#endif

void getNch(uint8_t count) {
    1fce:	cf 93       	push	r28
    1fd0:	c8 2f       	mov	r28, r24
  do getch(); while (--count);
    1fd2:	dd df       	rcall	.-70     	; 0x1f8e <getch>
    1fd4:	c1 50       	subi	r28, 0x01	; 1
    1fd6:	e9 f7       	brne	.-6      	; 0x1fd2 <getNch+0x4>
  verifySpace();
}
    1fd8:	cf 91       	pop	r28
}
#endif

void getNch(uint8_t count) {
  do getch(); while (--count);
  verifySpace();
    1fda:	f1 cf       	rjmp	.-30     	; 0x1fbe <verifySpace>

00001fdc <do_spm>:
 *   data=0 in WRITE
 */
static void do_spm(uint16_t address, uint8_t command, uint16_t data)  __attribute__ ((used));
static void do_spm(uint16_t address, uint8_t command, uint16_t data) {
    // Do spm stuff
    asm volatile (
    1fdc:	fc 01       	movw	r30, r24
    1fde:	0a 01       	movw	r0, r20
    1fe0:	67 bf       	out	0x37, r22	; 55
    1fe2:	e8 95       	spm
    1fe4:	11 24       	eor	r1, r1
    );

    // wait for spm to complete
    //   it doesn't have much sense for __BOOT_PAGE_FILL,
    //   but it doesn't hurt and saves some bytes on 'if'
    boot_spm_busy_wait();
    1fe6:	07 b6       	in	r0, 0x37	; 55
    1fe8:	00 fc       	sbrc	r0, 0
    1fea:	fd cf       	rjmp	.-6      	; 0x1fe6 <do_spm+0xa>
    if ((command & (_BV(PGWRT)|_BV(PGERS))) && (data == 0) ) {
      // Re-enable read access to flash
      __boot_rww_enable_short();
    }
#endif
}
    1fec:	08 95       	ret
